<?xml version="1.0" encoding="UTF-8"?>
<!-- Generated by org.testng.reporters.JUnitXMLReporter -->
<testsuite ignored="0" hostname="REM-LT-231129D" failures="0" tests="2" name="Error Validations Test" time="35.814" errors="0" timestamp="2024-01-25T11:59:45 CST">
  <testcase classname="org.coeqacourse.eCommerce_TC_01" name="FillForm_ErrorValidation" time="15.125"/>
  <testcase classname="org.coeqacourse.eCommerce_TC_01" name="FillForm_PositiveFlow" time="12.837"/>
</testsuite> <!-- Error Validations Test -->
