<?xml version="1.0" encoding="UTF-8"?>
<testsuite xmlns:xsi="http://www.w3.org/2001/XMLSchema-instance" xsi:noNamespaceSchemaLocation="https://maven.apache.org/surefire/maven-surefire-plugin/xsd/surefire-test-report-3.0.xsd" version="3.0" name="TestSuite" time="63.982" tests="3" errors="0" skipped="0" failures="0">
  <properties>
[...]
</properties>
  <testcase name="FillForm[{gender=Female, name=My Name, country=Australia}](1)" classname="org.coeqacourse.eCommerce_TC_4_Hybrid" time="18.514">
    <system-out><![CDATA[&amp#27;[35m[Appium]&amp#27;[39m Welcome to Appium v2.3.0
&amp#27;[35m[Appium]&amp#27;[39m Non-default server args:
&amp#27;[35m[Appium]&amp#27;[39m { address: &amp#27;[32m'127.0.0.1'&amp#27;[39m }
&amp#27;[35m[Appium]&amp#27;[39m The autodetected Appium home path: C:\Users\bryan.pereyra\.appium
&amp#27;[35m[Appium]&amp#27;[39m Attempting to load driver uiautomator2...
&amp#27;[35m[Appium]&amp#27;[39m Requiring driver at C:\Users\bryan.pereyra\.appium\node_modules\appium-uiautomator2-driver\build\index.js
&amp#27;[35m[Appium]&amp#27;[39m AndroidUiautomator2Driver has been successfully loaded in 0.773s
&amp#27;[35m[Appium]&amp#27;[39m Appium REST http interface listener started on http://127.0.0.1:4723
&amp#27;[35m[Appium]&amp#27;[39m Available drivers:
&amp#27;[35m[Appium]&amp#27;[39m   - uiautomator2@2.37.1 (automationName 'UiAutomator2')
&amp#27;[35m[Appium]&amp#27;[39m No plugins have been installed. Use the "appium plugin" command to install the one(s) you want to use.
&amp#27;[38;5;0m[HTTP]&amp#27;[0m &amp#27;[37m-->&amp#27;[39m &amp#27;[37mGET&amp#27;[39m &amp#27;[37m/status&amp#27;[39m
&amp#27;[38;5;0m[HTTP]&amp#27;[0m &amp#27;[90m{}&amp#27;[39m
&amp#27;[38;5;16m[AppiumDriver@122d]&amp#27;[0m Calling AppiumDriver.getStatus() with args: []
&amp#27;[38;5;16m[AppiumDriver@122d]&amp#27;[0m Responding to client with driver.getStatus() result: {"ready":true,"message":"The server is ready to accept new connections","build":{"version":"2.3.0"}}
&amp#27;[38;5;0m[HTTP]&amp#27;[0m &amp#27;[37m<-- GET /status &amp#27;[39m&amp#27;[32m200&amp#27;[39m &amp#27;[90m4 ms - 110&amp#27;[39m
&amp#27;[38;5;0m[HTTP]&amp#27;[0m &amp#27;[90m&amp#27;[39m
&amp#27;[38;5;0m[HTTP]&amp#27;[0m Request idempotency key: 3f7029a9-1382-46c7-907f-6ffdf337fada
&amp#27;[38;5;0m[HTTP]&amp#27;[0m &amp#27;[37m-->&amp#27;[39m &amp#27;[37mPOST&amp#27;[39m &amp#27;[37m/session&amp#27;[39m
&amp#27;[38;5;0m[HTTP]&amp#27;[0m &amp#27;[90m{"capabilities":{"firstMatch":[{}],"alwaysMatch":{"platformName":"ANDROID","appium:app":"C:\\Users\\bryan.pereyra\\eclipse-workspace\\AppiumFrameworkDesign\\src\\test\\java\\org\\coeqacourse\\resources\\General-Store.apk","appium:chromedriverExecutable":"C:\\Users\\bryan.pereyra\\eclipse-workspace\\AppiumFrameworkDesign\\src\\test\\java\\org\\coeqacourse\\resources\\chromedriver.exe","appium:automationName":"UIAutomator2"}}}&amp#27;[39m
&amp#27;[38;5;16m[AppiumDriver@122d]&amp#27;[0m Calling AppiumDriver.createSession() with args: [null,null,{"firstMatch":[{}],"alwaysMatch":{"platformName":"ANDROID","appium:app":"C:\\Users\\bryan.pereyra\\eclipse-workspace\\AppiumFrameworkDesign\\src\\test\\java\\org\\coeqacourse\\resources\\General-Store.apk","appium:chromedriverExecutable":"C:\\Users\\bryan.pereyra\\eclipse-workspace\\AppiumFrameworkDesign\\src\\test\\java\\org\\coeqacourse\\resources\\chromedriver.exe","appium:automationName":"UIAutomator2"}}]
&amp#27;[38;5;16m[AppiumDriver@122d]&amp#27;[0m Event 'newSessionRequested' logged at 1706205524749 (11:58:44 GMT-0600 (hora estándar central))
&amp#27;[35m[Appium]&amp#27;[39m Attempting to find matching driver for automationName 'UIAutomator2' and platformName 'ANDROID'
&amp#27;[35m[Appium]&amp#27;[39m The 'uiautomator2' driver was installed and matched caps.
&amp#27;[35m[Appium]&amp#27;[39m Will require it at C:\Users\bryan.pereyra\.appium\node_modules\appium-uiautomator2-driver
&amp#27;[35m[Appium]&amp#27;[39m Requiring driver at C:\Users\bryan.pereyra\.appium\node_modules\appium-uiautomator2-driver\build\index.js
&amp#27;[38;5;16m[AppiumDriver@122d]&amp#27;[0m Appium v2.3.0 creating new AndroidUiautomator2Driver (v2.37.1) session
&amp#27;[38;5;16m[AppiumDriver@122d]&amp#27;[0m Checking BaseDriver versions for Appium and AndroidUiautomator2Driver
&amp#27;[38;5;16m[AppiumDriver@122d]&amp#27;[0m Appium's BaseDriver version is 9.4.4
&amp#27;[38;5;16m[AppiumDriver@122d]&amp#27;[0m AndroidUiautomator2Driver's BaseDriver version is 9.4.4
&amp#27;[38;5;32m[AndroidUiautomator2Driver@c0dc]&amp#27;[0m Creating session with W3C capabilities: {
&amp#27;[38;5;32m[AndroidUiautomator2Driver@c0dc]&amp#27;[0m   "alwaysMatch": {
&amp#27;[38;5;32m[AndroidUiautomator2Driver@c0dc]&amp#27;[0m     "platformName": "ANDROID",
&amp#27;[38;5;32m[AndroidUiautomator2Driver@c0dc]&amp#27;[0m     "appium:app": "C:\\Users\\bryan.pereyra\\eclipse-workspace\\AppiumFrameworkDesign\\src\\test\\java\\org\\coeqacourse\\resources\\General-Store.apk",
&amp#27;[38;5;32m[AndroidUiautomator2Driver@c0dc]&amp#27;[0m     "appium:chromedriverExecutable": "C:\\Users\\bryan.pereyra\\eclipse-workspace\\AppiumFrameworkDesign\\src\\test\\java\\org\\coeqacourse\\resources\\chromedriver.exe",
&amp#27;[38;5;32m[AndroidUiautomator2Driver@c0dc]&amp#27;[0m     "appium:automationName": "UIAutomator2"
&amp#27;[38;5;32m[AndroidUiautomator2Driver@c0dc]&amp#27;[0m   },
&amp#27;[38;5;32m[AndroidUiautomator2Driver@c0dc]&amp#27;[0m   "firstMatch": [
&amp#27;[38;5;32m[AndroidUiautomator2Driver@c0dc]&amp#27;[0m     {}
&amp#27;[38;5;32m[AndroidUiautomator2Driver@c0dc]&amp#27;[0m   ]
&amp#27;[38;5;32m[AndroidUiautomator2Driver@c0dc]&amp#27;[0m }
&amp#27;[38;5;32m[AndroidUiautomator2Driver@c0dc (46cdd52c)]&amp#27;[0m Session created with session id: 46cdd52c-fc57-42a0-b1b0-027569315e8b
&amp#27;[38;5;48m[BaseDriver]&amp#27;[0m Using local app 'C:\Users\bryan.pereyra\eclipse-workspace\AppiumFrameworkDesign\src\test\java\org\coeqacourse\resources\General-Store.apk'
&amp#27;[38;5;32m[AndroidUiautomator2Driver@c0dc (46cdd52c)]&amp#27;[0m Checking whether app is actually present
&amp#27;[38;5;64m[ADB]&amp#27;[0m Found 1 'build-tools' folders under 'C:\Users\bryan.pereyra\AppData\Local\Android\Sdk' (newest first):
&amp#27;[38;5;64m[ADB]&amp#27;[0m     C:\Users\bryan.pereyra\AppData\Local\Android\Sdk\build-tools\34.0.0
&amp#27;[38;5;64m[ADB]&amp#27;[0m Using 'adb.exe' from 'C:\Users\bryan.pereyra\AppData\Local\Android\Sdk\platform-tools\adb.exe'
&amp#27;[38;5;64m[ADB]&amp#27;[0m Running 'C:\Users\bryan.pereyra\AppData\Local\Android\Sdk\platform-tools\adb.exe -P 5037 start-server'
&amp#27;[38;5;80m[AndroidDriver]&amp#27;[0m Retrieving device list
&amp#27;[38;5;64m[ADB]&amp#27;[0m Trying to find connected Android devices
&amp#27;[38;5;64m[ADB]&amp#27;[0m Getting connected devices
&amp#27;[38;5;64m[ADB]&amp#27;[0m Connected devices: [{"udid":"emulator-5554","state":"device"}]
&amp#27;[38;5;80m[AndroidDriver]&amp#27;[0m Using device: emulator-5554
&amp#27;[38;5;64m[ADB]&amp#27;[0m Using 'adb.exe' from 'C:\Users\bryan.pereyra\AppData\Local\Android\Sdk\platform-tools\adb.exe'
&amp#27;[38;5;64m[ADB]&amp#27;[0m Running 'C:\Users\bryan.pereyra\AppData\Local\Android\Sdk\platform-tools\adb.exe -P 5037 start-server'
&amp#27;[38;5;64m[ADB]&amp#27;[0m Setting device id to emulator-5554
&amp#27;[38;5;64m[ADB]&amp#27;[0m Running 'C:\Users\bryan.pereyra\AppData\Local\Android\Sdk\platform-tools\adb.exe -P 5037 -s emulator-5554 shell getprop ro.build.version.sdk'
&amp#27;[38;5;64m[ADB]&amp#27;[0m Current device property 'ro.build.version.sdk': 30
&amp#27;[38;5;64m[ADB]&amp#27;[0m Getting device platform version
&amp#27;[38;5;64m[ADB]&amp#27;[0m Running 'C:\Users\bryan.pereyra\AppData\Local\Android\Sdk\platform-tools\adb.exe -P 5037 -s emulator-5554 shell getprop ro.build.version.release'
&amp#27;[38;5;64m[ADB]&amp#27;[0m Current device property 'ro.build.version.release': 11
&amp#27;[38;5;64m[ADB]&amp#27;[0m Device API level: 30
&amp#27;[38;5;32m[AndroidUiautomator2Driver@c0dc (46cdd52c)]&amp#27;[0m Relaxing hidden api policy
&amp#27;[38;5;64m[ADB]&amp#27;[0m Running 'C:\Users\bryan.pereyra\AppData\Local\Android\Sdk\platform-tools\adb.exe -P 5037 -s emulator-5554 shell 'settings put global hidden_api_policy_pre_p_apps 1;settings put global hidden_api_policy_p_apps 1;settings put global hidden_api_policy 1''
&amp#27;[38;5;80m[AndroidDriver]&amp#27;[0m Parsing package and activity from app manifest
&amp#27;[38;5;64m[ADB]&amp#27;[0m Package name: 'com.androidsample.generalstore'
&amp#27;[38;5;64m[ADB]&amp#27;[0m Main activity name: 'com.androidsample.generalstore.SplashActivity'
&amp#27;[38;5;80m[AndroidDriver]&amp#27;[0m Parsed package and activity are: com.androidsample.generalstore/com.androidsample.generalstore.SplashActivity
&amp#27;[38;5;64m[ADB]&amp#27;[0m Running 'C:\Users\bryan.pereyra\AppData\Local\Android\Sdk\platform-tools\adb.exe -P 5037 -s emulator-5554 wait-for-device'
&amp#27;[38;5;64m[ADB]&amp#27;[0m Running 'C:\Users\bryan.pereyra\AppData\Local\Android\Sdk\platform-tools\adb.exe -P 5037 -s emulator-5554 shell echo ping'
&amp#27;[38;5;80m[AndroidDriver]&amp#27;[0m Pushing settings apk to device...
&amp#27;[38;5;64m[ADB]&amp#27;[0m Getting package info for 'io.appium.settings'
&amp#27;[38;5;64m[ADB]&amp#27;[0m Running 'C:\Users\bryan.pereyra\AppData\Local\Android\Sdk\platform-tools\adb.exe -P 5037 -s emulator-5554 shell dumpsys package io.appium.settings'
&amp#27;[38;5;64m[ADB]&amp#27;[0m The version name of the installed 'io.appium.settings' is greater or equal to the application version name ('5.2.0' >= '5.2.0')
&amp#27;[38;5;64m[ADB]&amp#27;[0m There is no need to install/upgrade 'C:\Users\bryan.pereyra\.appium\node_modules\appium-uiautomator2-driver\node_modules\io.appium.settings\apks\settings_apk-debug.apk'
&amp#27;[38;5;64m[ADB]&amp#27;[0m Getting IDs of all 'io.appium.settings' processes
&amp#27;[38;5;64m[ADB]&amp#27;[0m Running 'C:\Users\bryan.pereyra\AppData\Local\Android\Sdk\platform-tools\adb.exe -P 5037 -s emulator-5554 shell 'pgrep --help; echo $?''
&amp#27;[38;5;64m[ADB]&amp#27;[0m Running 'C:\Users\bryan.pereyra\AppData\Local\Android\Sdk\platform-tools\adb.exe -P 5037 -s emulator-5554 shell pgrep -f \(\[\[:blank:\]\]\|\^\)io\.appium\.settings\(\[\[:blank:\]\]\|\$\)'
&amp#27;[38;5;80m[AndroidDriver]&amp#27;[0m io.appium.settings is already running. There is no need to reset its permissions.
&amp#27;[38;5;96m[Logcat]&amp#27;[0m Starting logs capture with command: C:\\Users\\bryan.pereyra\\AppData\\Local\\Android\\Sdk\\platform-tools\\adb.exe -P 5037 -s emulator-5554 logcat -v threadtime
&amp#27;[38;5;32m[AndroidUiautomator2Driver@c0dc (46cdd52c)]&amp#27;[0m Forwarding UiAutomator2 Server port 6790 to local port 8200
&amp#27;[38;5;64m[ADB]&amp#27;[0m Forwarding system: 8200 to device: 6790
&amp#27;[38;5;64m[ADB]&amp#27;[0m Running 'C:\Users\bryan.pereyra\AppData\Local\Android\Sdk\platform-tools\adb.exe -P 5037 -s emulator-5554 forward tcp:8200 tcp:6790'
&amp#27;[38;5;64m[ADB]&amp#27;[0m Checking app cert for C:\Users\bryan.pereyra\.appium\node_modules\appium-uiautomator2-driver\node_modules\appium-uiautomator2-server\apks\appium-uiautomator2-server-v5.15.3.apk
&amp#27;[38;5;64m[ADB]&amp#27;[0m Checking app cert for C:\Users\bryan.pereyra\.appium\node_modules\appium-uiautomator2-driver\node_modules\appium-uiautomator2-server\apks\appium-uiautomator2-server-debug-androidTest.apk
&amp#27;[38;5;64m[ADB]&amp#27;[0m Using 'apksigner.jar' from 'C:\Users\bryan.pereyra\AppData\Local\Android\Sdk\build-tools\34.0.0\lib\apksigner.jar'
&amp#27;[38;5;64m[ADB]&amp#27;[0m Starting apksigner: 'C:\\Program Files\\Java\\jdk-21\\bin\\java.exe' -Xmx1024M -Xss1m -jar C:\\Users\\bryan.pereyra\\AppData\\Local\\Android\\Sdk\\build-tools\\34.0.0\\lib\\apksigner.jar verify --print-certs C:\\Users\\bryan.pereyra\\.appium\\node_modules\\appium-uiautomator2-driver\\node_modules\\appium-uiautomator2-server\\apks\\appium-uiautomator2-server-debug-androidTest.apk
&amp#27;[38;5;64m[ADB]&amp#27;[0m Starting apksigner: 'C:\\Program Files\\Java\\jdk-21\\bin\\java.exe' -Xmx1024M -Xss1m -jar C:\\Users\\bryan.pereyra\\AppData\\Local\\Android\\Sdk\\build-tools\\34.0.0\\lib\\apksigner.jar verify --print-certs C:\\Users\\bryan.pereyra\\.appium\\node_modules\\appium-uiautomator2-driver\\node_modules\\appium-uiautomator2-server\\apks\\appium-uiautomator2-server-v5.15.3.apk
&amp#27;[38;5;64m[ADB]&amp#27;[0m apksigner stdout: Signer #1 certificate DN: EMAILADDRESS=android@android.com, CN=Android, OU=Android, O=Android, L=Mountain View, ST=California, C=US
&amp#27;[38;5;64m[ADB]&amp#27;[0m Signer #1 certificate SHA-256 digest: a40da80a59d170caa950cf15c18c454d47a39b26989d8b640ecd745ba71bf5dc
&amp#27;[38;5;64m[ADB]&amp#27;[0m Signer #1 certificate SHA-1 digest: 61ed377e85d386a8dfee6b864bd85b0bfaa5af81
&amp#27;[38;5;64m[ADB]&amp#27;[0m Signer #1 certificate MD5 digest: e89b158e4bcf988ebd09eb83f5378e87
&amp#27;[38;5;64m[ADB]&amp#27;[0m 
&amp#27;[38;5;64m[ADB]&amp#27;[0m sha256 hash did match for 'appium-uiautomator2-server-debug-androidTest.apk'
&amp#27;[38;5;64m[ADB]&amp#27;[0m 'C:\Users\bryan.pereyra\.appium\node_modules\appium-uiautomator2-driver\node_modules\appium-uiautomator2-server\apks\appium-uiautomator2-server-debug-androidTest.apk' is signed with the default certificate
&amp#27;[38;5;64m[ADB]&amp#27;[0m Getting install status for io.appium.uiautomator2.server.test
&amp#27;[38;5;64m[ADB]&amp#27;[0m Running 'C:\Users\bryan.pereyra\AppData\Local\Android\Sdk\platform-tools\adb.exe -P 5037 -s emulator-5554 shell pm path io.appium.uiautomator2.server.test'
&amp#27;[38;5;64m[ADB]&amp#27;[0m 'io.appium.uiautomator2.server.test' is installed
&amp#27;[38;5;64m[ADB]&amp#27;[0m apksigner stdout: Signer #1 certificate DN: EMAILADDRESS=android@android.com, CN=Android, OU=Android, O=Android, L=Mountain View, ST=California, C=US
&amp#27;[38;5;64m[ADB]&amp#27;[0m Signer #1 certificate SHA-256 digest: a40da80a59d170caa950cf15c18c454d47a39b26989d8b640ecd745ba71bf5dc
&amp#27;[38;5;64m[ADB]&amp#27;[0m Signer #1 certificate SHA-1 digest: 61ed377e85d386a8dfee6b864bd85b0bfaa5af81
&amp#27;[38;5;64m[ADB]&amp#27;[0m Signer #1 certificate MD5 digest: e89b158e4bcf988ebd09eb83f5378e87
&amp#27;[38;5;64m[ADB]&amp#27;[0m 
&amp#27;[38;5;64m[ADB]&amp#27;[0m sha256 hash did match for 'appium-uiautomator2-server-v5.15.3.apk'
&amp#27;[38;5;64m[ADB]&amp#27;[0m 'C:\Users\bryan.pereyra\.appium\node_modules\appium-uiautomator2-driver\node_modules\appium-uiautomator2-server\apks\appium-uiautomator2-server-v5.15.3.apk' is signed with the default certificate
&amp#27;[38;5;64m[ADB]&amp#27;[0m Getting package info for 'io.appium.uiautomator2.server'
&amp#27;[38;5;64m[ADB]&amp#27;[0m Running 'C:\Users\bryan.pereyra\AppData\Local\Android\Sdk\platform-tools\adb.exe -P 5037 -s emulator-5554 shell dumpsys package io.appium.uiautomator2.server'
&amp#27;[38;5;64m[ADB]&amp#27;[0m The version name of the installed 'io.appium.uiautomator2.server' is greater or equal to the application version name ('5.15.3' >= '5.15.3')
&amp#27;[38;5;32m[AndroidUiautomator2Driver@c0dc (46cdd52c)]&amp#27;[0m Server packages status: [{"wasSigned":true,"installState":"sameVersionInstalled","appPath":"C:\\Users\\bryan.pereyra\\.appium\\node_modules\\appium-uiautomator2-driver\\node_modules\\appium-uiautomator2-server\\apks\\appium-uiautomator2-server-v5.15.3.apk","appId":"io.appium.uiautomator2.server"},{"wasSigned":true,"installState":"sameVersionInstalled","appPath":"C:\\Users\\bryan.pereyra\\.appium\\node_modules\\appium-uiautomator2-driver\\node_modules\\appium-uiautomator2-server\\apks\\appium-uiautomator2-server-debug-androidTest.apk","appId":"io.appium.uiautomator2.server.test"}]
&amp#27;[38;5;32m[AndroidUiautomator2Driver@c0dc (46cdd52c)]&amp#27;[0m Server packages are not going to be (re)installed
&amp#27;[38;5;32m[AndroidUiautomator2Driver@c0dc (46cdd52c)]&amp#27;[0m Waiting up to 30000ms for services to be available
&amp#27;[38;5;64m[ADB]&amp#27;[0m Running 'C:\Users\bryan.pereyra\AppData\Local\Android\Sdk\platform-tools\adb.exe -P 5037 -s emulator-5554 shell pm list instrumentation'
&amp#27;[38;5;32m[AndroidUiautomator2Driver@c0dc (46cdd52c)]&amp#27;[0m Instrumentation target 'io.appium.uiautomator2.server.test/androidx.test.runner.AndroidJUnitRunner' is available
&amp#27;[38;5;64m[ADB]&amp#27;[0m Adding packages ["io.appium.settings","io.appium.uiautomator2.server","io.appium.uiautomator2.server.test"] to Doze whitelist
&amp#27;[38;5;64m[ADB]&amp#27;[0m Got the following command chunks to execute: [["dumpsys","deviceidle","whitelist","+io.appium.settings",";","dumpsys","deviceidle","whitelist","+io.appium.uiautomator2.server",";","dumpsys","deviceidle","whitelist","+io.appium.uiautomator2.server.test",";"]]
&amp#27;[38;5;64m[ADB]&amp#27;[0m Running 'C:\Users\bryan.pereyra\AppData\Local\Android\Sdk\platform-tools\adb.exe -P 5037 -s emulator-5554 shell dumpsys deviceidle whitelist +io.appium.settings ; dumpsys deviceidle whitelist +io.appium.uiautomator2.server ; dumpsys deviceidle whitelist +io.appium.uiautomator2.server.test ;'
&amp#27;[38;5;64m[ADB]&amp#27;[0m Checking app cert for C:\Users\bryan.pereyra\eclipse-workspace\AppiumFrameworkDesign\src\test\java\org\coeqacourse\resources\General-Store.apk
&amp#27;[38;5;64m[ADB]&amp#27;[0m Starting apksigner: 'C:\\Program Files\\Java\\jdk-21\\bin\\java.exe' -Xmx1024M -Xss1m -jar C:\\Users\\bryan.pereyra\\AppData\\Local\\Android\\Sdk\\build-tools\\34.0.0\\lib\\apksigner.jar verify --print-certs C:\\Users\\bryan.pereyra\\eclipse-workspace\\AppiumFrameworkDesign\\src\\test\\java\\org\\coeqacourse\\resources\\General-Store.apk
&amp#27;[38;5;64m[ADB]&amp#27;[0m apksigner stdout: Signer #1 certificate DN: EMAILADDRESS=android@android.com, CN=Android, OU=Android, O=Android, L=Mountain View, ST=California, C=US
&amp#27;[38;5;64m[ADB]&amp#27;[0m Signer #1 certificate SHA-256 digest: a40da80a59d170caa950cf15c18c454d47a39b26989d8b640ecd745ba71bf5dc
&amp#27;[38;5;64m[ADB]&amp#27;[0m Signer #1 certificate SHA-1 digest: 61ed377e85d386a8dfee6b864bd85b0bfaa5af81
&amp#27;[38;5;64m[ADB]&amp#27;[0m Signer #1 certificate MD5 digest: e89b158e4bcf988ebd09eb83f5378e87
&amp#27;[38;5;64m[ADB]&amp#27;[0m 
&amp#27;[38;5;64m[ADB]&amp#27;[0m sha256 hash did match for 'General-Store.apk'
&amp#27;[38;5;64m[ADB]&amp#27;[0m 'C:\Users\bryan.pereyra\eclipse-workspace\AppiumFrameworkDesign\src\test\java\org\coeqacourse\resources\General-Store.apk' is signed with the default certificate
&amp#27;[38;5;64m[ADB]&amp#27;[0m Getting package info for 'com.androidsample.generalstore'
&amp#27;[38;5;64m[ADB]&amp#27;[0m Running 'C:\Users\bryan.pereyra\AppData\Local\Android\Sdk\platform-tools\adb.exe -P 5037 -s emulator-5554 shell dumpsys package com.androidsample.generalstore'
&amp#27;[38;5;64m[ADB]&amp#27;[0m The version name of the installed 'com.androidsample.generalstore' is greater or equal to the application version name ('1.0.0' >= '1.0.0')
&amp#27;[38;5;64m[ADB]&amp#27;[0m There is no need to install/upgrade 'C:\Users\bryan.pereyra\eclipse-workspace\AppiumFrameworkDesign\src\test\java\org\coeqacourse\resources\General-Store.apk'
&amp#27;[38;5;80m[AndroidDriver]&amp#27;[0m Performing fast reset on 'com.androidsample.generalstore'
&amp#27;[38;5;64m[ADB]&amp#27;[0m Getting install status for com.androidsample.generalstore
&amp#27;[38;5;64m[ADB]&amp#27;[0m Running 'C:\Users\bryan.pereyra\AppData\Local\Android\Sdk\platform-tools\adb.exe -P 5037 -s emulator-5554 shell pm path com.androidsample.generalstore'
&amp#27;[38;5;64m[ADB]&amp#27;[0m 'com.androidsample.generalstore' is installed
&amp#27;[38;5;64m[ADB]&amp#27;[0m Running 'C:\Users\bryan.pereyra\AppData\Local\Android\Sdk\platform-tools\adb.exe -P 5037 -s emulator-5554 shell am force-stop com.androidsample.generalstore'
&amp#27;[38;5;64m[ADB]&amp#27;[0m Running 'C:\Users\bryan.pereyra\AppData\Local\Android\Sdk\platform-tools\adb.exe -P 5037 -s emulator-5554 shell pm clear com.androidsample.generalstore'
&amp#27;[38;5;80m[AndroidDriver]&amp#27;[0m Performed fast reset on the installed 'com.androidsample.generalstore' application (stop and clear)
&amp#27;[38;5;32m[AndroidUiautomator2Driver@c0dc (46cdd52c)]&amp#27;[0m Performing shallow cleanup of automation leftovers
&amp#27;[38;5;32m[AndroidUiautomator2Driver@c0dc (46cdd52c)]&amp#27;[0m No obsolete sessions have been detected (socket hang up)
&amp#27;[38;5;64m[ADB]&amp#27;[0m Running 'C:\Users\bryan.pereyra\AppData\Local\Android\Sdk\platform-tools\adb.exe -P 5037 -s emulator-5554 shell am force-stop io.appium.uiautomator2.server.test'
&amp#27;[38;5;32m[AndroidUiautomator2Driver@c0dc (46cdd52c)]&amp#27;[0m Starting UIAutomator2 server 5.15.3
&amp#27;[38;5;32m[AndroidUiautomator2Driver@c0dc (46cdd52c)]&amp#27;[0m Using UIAutomator2 server from 'C:\Users\bryan.pereyra\.appium\node_modules\appium-uiautomator2-driver\node_modules\appium-uiautomator2-server\apks\appium-uiautomator2-server-v5.15.3.apk' and test from 'C:\Users\bryan.pereyra\.appium\node_modules\appium-uiautomator2-driver\node_modules\appium-uiautomator2-server\apks\appium-uiautomator2-server-debug-androidTest.apk'
&amp#27;[38;5;32m[AndroidUiautomator2Driver@c0dc (46cdd52c)]&amp#27;[0m Waiting up to 30000ms for UiAutomator2 to be online...
&amp#27;[38;5;64m[ADB]&amp#27;[0m Creating ADB subprocess with args: ["-P","5037","-s","emulator-5554","shell","am","instrument","-w","-e","disableAnalytics","true","io.appium.uiautomator2.server.test/androidx.test.runner.AndroidJUnitRunner"]
&amp#27;[38;5;32m[AndroidUiautomator2Driver@c0dc (46cdd52c)]&amp#27;[0m Matched '/status' to command name 'getStatus'
&amp#27;[38;5;32m[AndroidUiautomator2Driver@c0dc (46cdd52c)]&amp#27;[0m Proxying [GET /status] to [GET http://127.0.0.1:8200/status] with no body
&amp#27;[38;5;32m[AndroidUiautomator2Driver@c0dc (46cdd52c)]&amp#27;[0m socket hang up
&amp#27;[38;5;112m[Instrumentation]&amp#27;[0m io.appium.uiautomator2.server.test.AppiumUiAutomator2Server:
&amp#27;[38;5;32m[AndroidUiautomator2Driver@c0dc (46cdd52c)]&amp#27;[0m Matched '/status' to command name 'getStatus'
&amp#27;[38;5;32m[AndroidUiautomator2Driver@c0dc (46cdd52c)]&amp#27;[0m Proxying [GET /status] to [GET http://127.0.0.1:8200/status] with no body
&amp#27;[38;5;32m[AndroidUiautomator2Driver@c0dc (46cdd52c)]&amp#27;[0m socket hang up
&amp#27;[38;5;32m[AndroidUiautomator2Driver@c0dc (46cdd52c)]&amp#27;[0m Matched '/status' to command name 'getStatus'
&amp#27;[38;5;32m[AndroidUiautomator2Driver@c0dc (46cdd52c)]&amp#27;[0m Proxying [GET /status] to [GET http://127.0.0.1:8200/status] with no body
&amp#27;[38;5;32m[AndroidUiautomator2Driver@c0dc (46cdd52c)]&amp#27;[0m Got response with status 200: {"sessionId":"None","value":{"message":"UiAutomator2 Server is ready to accept commands","ready":true}}
&amp#27;[38;5;32m[AndroidUiautomator2Driver@c0dc (46cdd52c)]&amp#27;[0m The initialization of the instrumentation process took 2115ms
&amp#27;[38;5;32m[AndroidUiautomator2Driver@c0dc (46cdd52c)]&amp#27;[0m Matched '/session' to command name 'createSession'
&amp#27;[38;5;32m[AndroidUiautomator2Driver@c0dc (46cdd52c)]&amp#27;[0m Proxying [POST /session] to [POST http://127.0.0.1:8200/session] with body: {"capabilities":{"firstMatch":[{"platformName":"ANDROID","app":"C:\\Users\\bryan.pereyra\\eclipse-workspace\\AppiumFrameworkDesign\\src\\test\\java\\org\\coeqacourse\\resources\\General-Store.apk","chromedriverExecutable":"C:\\Users\\bryan.pereyra\\eclipse-workspace\\AppiumFrameworkDesign\\src\\test\\java\\org\\coeqacourse\\resources\\chromedriver.exe","automationName":"UIAutomator2","platform":"LINUX","webStorageEnabled":false,"takesScreenshot":true,"javascriptEnabled":true,"databaseEnabled":false,"networkConnectionEnabled":true,"locationContextEnabled":false,"warnings":{},"desired":{"platformName":"ANDROID","app":"C:\\Users\\bryan.pereyra\\eclipse-workspace\\AppiumFrameworkDesign\\src\\test\\java\\org\\coeqacourse\\resources\\General-Store.apk","chromedriverExecutable":"C:\\Users\\bryan.pereyra\\eclipse-workspace\\AppiumFrameworkDesign\\src\\test\\java\\org\\coeqacourse\\resources\\chromedriver.exe","automationName":"UIAutomator2"},"deviceName":"emulator-5554","deviceUDID":"emulator-5554","appPackage":"c...
&amp#27;[38;5;32m[AndroidUiautomator2Driver@c0dc (46cdd52c)]&amp#27;[0m Got response with status 200: {"sessionId":"b5aba028-50d4-4b2f-9284-687b139802d1","value":{"capabilities":{"firstMatch":[{"platformName":"ANDROID","app":"C:\\Users\\bryan.pereyra\\eclipse-workspace\\AppiumFrameworkDesign\\src\\test\\java\\org\\coeqacourse\\resources\\General-Store.apk","chromedriverExecutable":"C:\\Users\\bryan.pereyra\\eclipse-workspace\\AppiumFrameworkDesign\\src\\test\\java\\org\\coeqacourse\\resources\\chromedriver.exe","automationName":"UIAutomator2","platform":"LINUX","webStorageEnabled":false,"takesScreenshot":true,"javascriptEnabled":true,"databaseEnabled":false,"networkConnectionEnabled":true,"locationContextEnabled":false,"warnings":{},"desired":{"platformName":"ANDROID","app":"C:\\Users\\bryan.pereyra\\eclipse-workspace\\AppiumFrameworkDesign\\src\\test\\java\\org\\coeqacourse\\resources\\General-Store.apk","chromedriverExecutable":"C:\\Users\\bryan.pereyra\\eclipse-workspace\\AppiumFrameworkDesign\\src\\test\\java\\org\\coeqacourse\\resources\\chromedriver.exe","automationName":"UIAutomator2"},"deviceName":...
&amp#27;[38;5;32m[AndroidUiautomator2Driver@c0dc (46cdd52c)]&amp#27;[0m Determined the downstream protocol as 'W3C'
&amp#27;[38;5;32m[AndroidUiautomator2Driver@c0dc (46cdd52c)]&amp#27;[0m Proxying [GET /appium/device/pixel_ratio] to [GET http://127.0.0.1:8200/session/b5aba028-50d4-4b2f-9284-687b139802d1/appium/device/pixel_ratio] with no body
&amp#27;[38;5;32m[AndroidUiautomator2Driver@c0dc (46cdd52c)]&amp#27;[0m Matched '/appium/device/system_bars' to command name 'getSystemBars'
&amp#27;[38;5;32m[AndroidUiautomator2Driver@c0dc (46cdd52c)]&amp#27;[0m Proxying [GET /appium/device/system_bars] to [GET http://127.0.0.1:8200/session/b5aba028-50d4-4b2f-9284-687b139802d1/appium/device/system_bars] with no body
&amp#27;[38;5;32m[AndroidUiautomator2Driver@c0dc (46cdd52c)]&amp#27;[0m Matched '/window/current/size' to command name 'getWindowSize'
&amp#27;[38;5;32m[AndroidUiautomator2Driver@c0dc (46cdd52c)]&amp#27;[0m Proxying [GET /window/current/size] to [GET http://127.0.0.1:8200/session/b5aba028-50d4-4b2f-9284-687b139802d1/window/current/size] with no body
&amp#27;[38;5;32m[AndroidUiautomator2Driver@c0dc (46cdd52c)]&amp#27;[0m Proxying [GET /appium/device/info] to [GET http://127.0.0.1:8200/session/b5aba028-50d4-4b2f-9284-687b139802d1/appium/device/info] with no body
&amp#27;[38;5;64m[ADB]&amp#27;[0m Running 'C:\Users\bryan.pereyra\AppData\Local\Android\Sdk\platform-tools\adb.exe -P 5037 -s emulator-5554 shell dumpsys window'
&amp#27;[38;5;32m[AndroidUiautomator2Driver@c0dc (46cdd52c)]&amp#27;[0m Got response with status 200: {"sessionId":"b5aba028-50d4-4b2f-9284-687b139802d1","value":3.5}
&amp#27;[38;5;32m[AndroidUiautomator2Driver@c0dc (46cdd52c)]&amp#27;[0m Got response with status 200: {"sessionId":"b5aba028-50d4-4b2f-9284-687b139802d1","value":{"statusBar":136}}
&amp#27;[38;5;32m[AndroidUiautomator2Driver@c0dc (46cdd52c)]&amp#27;[0m Got response with status 200: {"sessionId":"b5aba028-50d4-4b2f-9284-687b139802d1","value":{"height":2816,"width":1440}}
&amp#27;[38;5;32m[AndroidUiautomator2Driver@c0dc (46cdd52c)]&amp#27;[0m Got response with status 200: {"sessionId":"b5aba028-50d4-4b2f-9284-687b139802d1","value":{"androidId":"4197051fe210bd3e","apiVersion":"30","bluetooth":{"state":"ON"},"brand":"google","carrierName":"Android","displayDensity":560,"locale":"en_US","manufacturer":"Google","model":"sdk_gphone_x86","networks":[{"capabilities":{"SSID":null,"linkDownBandwidthKbps":30000,"linkUpstreamBandwidthKbps":15000,"networkCapabilities":"NET_CAPABILITY_MMS,NET_CAPABILITY_SUPL,NET_CAPABILITY_DUN,NET_CAPABILITY_FOTA,NET_CAPABILITY_IMS,NET_CAPABILITY_CBS,NET_CAPABILITY_INTERNET,NET_CAPABILITY_NOT_RESTRICTED,NET_CAPABILITY_TRUSTED,NET_CAPABILITY_NOT_VPN,NET_CAPABILITY_VALIDATED,NET_CAPABILITY_NOT_ROAMING,NET_CAPABILITY_NOT_CONGESTED,NET_CAPABILITY_NOT_SUSPENDED","signalStrength":-2147483648,"transportTypes":"TRANSPORT_CELLULAR"},"detailedState":"CONNECTED","extraInfo":"epc.tmobile.com","isAvailable":true,"isConnected":true,"isFailover":false,"isRoaming":false,"state":"CONNECTED","subtype":13,"subtypeName":"LTE","type":0,"typeName":"MOBILE"},{"capabilities":{...
&amp#27;[38;5;80m[AndroidDriver]&amp#27;[0m Screen already unlocked, doing nothing
&amp#27;[38;5;32m[AndroidUiautomator2Driver@c0dc (46cdd52c)]&amp#27;[0m Starting 'com.androidsample.generalstore/com.androidsample.generalstore.SplashActivity and waiting for 'com.androidsample.generalstore/com.androidsample.generalstore.SplashActivity'
&amp#27;[38;5;64m[ADB]&amp#27;[0m Running 'C:\Users\bryan.pereyra\AppData\Local\Android\Sdk\platform-tools\adb.exe -P 5037 -s emulator-5554 shell am start -W -n com.androidsample.generalstore/com.androidsample.generalstore.SplashActivity -S -a android.intent.action.MAIN -c android.intent.category.LAUNCHER -f 0x10200000'
&amp#27;[38;5;64m[ADB]&amp#27;[0m Waiting up to 20000ms for activity matching pkg: 'com.androidsample.generalstore' and activity: 'com.androidsample.generalstore.SplashActivity' to be focused
&amp#27;[38;5;64m[ADB]&amp#27;[0m Possible activities, to be checked: 'com.androidsample.generalstore.SplashActivity', 'com.androidsample.generalstore.com.androidsample.generalstore.SplashActivity'
&amp#27;[38;5;64m[ADB]&amp#27;[0m Getting focused package and activity
&amp#27;[38;5;64m[ADB]&amp#27;[0m Running 'C:\Users\bryan.pereyra\AppData\Local\Android\Sdk\platform-tools\adb.exe -P 5037 -s emulator-5554 shell dumpsys window displays'
&amp#27;[38;5;64m[ADB]&amp#27;[0m Found package: 'com.androidsample.generalstore' and fully qualified activity name : 'com.androidsample.generalstore.SplashActivity'
&amp#27;[38;5;16m[AppiumDriver@122d]&amp#27;[0m New AndroidUiautomator2Driver session created successfully, session 46cdd52c-fc57-42a0-b1b0-027569315e8b added to master session list
&amp#27;[38;5;16m[AppiumDriver@122d]&amp#27;[0m Event 'newSessionStarted' logged at 1706205530063 (11:58:50 GMT-0600 (hora estándar central))
&amp#27;[38;5;32m[AndroidUiautomator2Driver@c0dc (46cdd52c)]&amp#27;[0m Cached the protocol value 'W3C' for the new session 46cdd52c-fc57-42a0-b1b0-027569315e8b
&amp#27;[38;5;32m[AndroidUiautomator2Driver@c0dc (46cdd52c)]&amp#27;[0m Responding to client with driver.createSession() result: {"capabilities":{"platformName":"ANDROID","app":"C:\\Users\\bryan.pereyra\\eclipse-workspace\\AppiumFrameworkDesign\\src\\test\\java\\org\\coeqacourse\\resources\\General-Store.apk","chromedriverExecutable":"C:\\Users\\bryan.pereyra\\eclipse-workspace\\AppiumFrameworkDesign\\src\\test\\java\\org\\coeqacourse\\resources\\chromedriver.exe","automationName":"UIAutomator2","platform":"LINUX","webStorageEnabled":false,"takesScreenshot":true,"javascriptEnabled":true,"databaseEnabled":false,"networkConnectionEnabled":true,"locationContextEnabled":false,"warnings":{},"desired":{"platformName":"ANDROID","app":"C:\\Users\\bryan.pereyra\\eclipse-workspace\\AppiumFrameworkDesign\\src\\test\\java\\org\\coeqacourse\\resources\\General-Store.apk","chromedriverExecutable":"C:\\Users\\bryan.pereyra\\eclipse-workspace\\AppiumFrameworkDesign\\src\\test\\java\\org\\coeqacourse\\resources\\chromedriver.exe","automationName":"UIAutomator2"},"deviceName":"emulator-5554","deviceUDID":"emulator-5554","appPackage":"com.androidsampl...
&amp#27;[38;5;0m[HTTP]&amp#27;[0m &amp#27;[37m<-- POST /session &amp#27;[39m&amp#27;[32m200&amp#27;[39m &amp#27;[90m5315 ms - 1362&amp#27;[39m
&amp#27;[38;5;0m[HTTP]&amp#27;[0m &amp#27;[90m&amp#27;[39m
&amp#27;[38;5;0m[HTTP]&amp#27;[0m &amp#27;[37m-->&amp#27;[39m &amp#27;[37mPOST&amp#27;[39m &amp#27;[37m/session/46cdd52c-fc57-42a0-b1b0-027569315e8b/timeouts&amp#27;[39m
&amp#27;[38;5;0m[HTTP]&amp#27;[0m &amp#27;[90m{"implicit":10000}&amp#27;[39m
&amp#27;[38;5;32m[AndroidUiautomator2Driver@c0dc (46cdd52c)]&amp#27;[0m Calling AppiumDriver.timeouts() with args: [null,null,null,null,10000,"46cdd52c-fc57-42a0-b1b0-027569315e8b"]
&amp#27;[38;5;32m[AndroidUiautomator2Driver@c0dc (46cdd52c)]&amp#27;[0m W3C timeout argument: {"implicit":10000}}
&amp#27;[38;5;32m[AndroidUiautomator2Driver@c0dc (46cdd52c)]&amp#27;[0m Set implicit wait to 10000ms
&amp#27;[38;5;32m[AndroidUiautomator2Driver@c0dc (46cdd52c)]&amp#27;[0m Responding to client with driver.timeouts() result: null
&amp#27;[38;5;0m[HTTP]&amp#27;[0m &amp#27;[37m<-- POST /session/46cdd52c-fc57-42a0-b1b0-027569315e8b/timeouts &amp#27;[39m&amp#27;[32m200&amp#27;[39m &amp#27;[90m3 ms - 14&amp#27;[39m
&amp#27;[38;5;0m[HTTP]&amp#27;[0m &amp#27;[90m&amp#27;[39m
&amp#27;[38;5;0m[HTTP]&amp#27;[0m &amp#27;[37m-->&amp#27;[39m &amp#27;[37mPOST&amp#27;[39m &amp#27;[37m/session/46cdd52c-fc57-42a0-b1b0-027569315e8b/execute/sync&amp#27;[39m
&amp#27;[38;5;0m[HTTP]&amp#27;[0m &amp#27;[90m{"script":"mobile: startActivity","args":[{"intent":"com.androidsample.generalstore/com.androidsample.generalstore.SplashActivity"}]}&amp#27;[39m
&amp#27;[38;5;32m[AndroidUiautomator2Driver@c0dc (46cdd52c)]&amp#27;[0m Calling AppiumDriver.execute() with args: ["mobile: startActivity",[{"intent":"com.androidsample.generalstore/com.androidsample.generalstore.SplashActivity"}],"46cdd52c-fc57-42a0-b1b0-027569315e8b"]
&amp#27;[38;5;32m[AndroidUiautomator2Driver@c0dc (46cdd52c)]&amp#27;[0m Executing method 'mobile: startActivity'
&amp#27;[38;5;64m[ADB]&amp#27;[0m Running 'C:\Users\bryan.pereyra\AppData\Local\Android\Sdk\platform-tools\adb.exe -P 5037 -s emulator-5554 shell am start-activity com.androidsample.generalstore/com.androidsample.generalstore.SplashActivity'
&amp#27;[38;5;32m[AndroidUiautomator2Driver@c0dc (46cdd52c)]&amp#27;[0m Responding to client with driver.execute() result: "Starting: Intent { act=android.intent.action.MAIN cat=[android.intent.category.LAUNCHER] cmp=com.androidsample.generalstore/.SplashActivity }"
&amp#27;[38;5;0m[HTTP]&amp#27;[0m &amp#27;[37m<-- POST /session/46cdd52c-fc57-42a0-b1b0-027569315e8b/execute/sync &amp#27;[39m&amp#27;[32m200&amp#27;[39m &amp#27;[90m52 ms - 153&amp#27;[39m
&amp#27;[38;5;0m[HTTP]&amp#27;[0m &amp#27;[90m&amp#27;[39m
&amp#27;[38;5;0m[HTTP]&amp#27;[0m &amp#27;[37m-->&amp#27;[39m &amp#27;[37mPOST&amp#27;[39m &amp#27;[37m/session/46cdd52c-fc57-42a0-b1b0-027569315e8b/element&amp#27;[39m
&amp#27;[38;5;0m[HTTP]&amp#27;[0m &amp#27;[90m{"using":"id","value":"com.androidsample.generalstore:id/nameField"}&amp#27;[39m
&amp#27;[38;5;32m[AndroidUiautomator2Driver@c0dc (46cdd52c)]&amp#27;[0m Calling AppiumDriver.findElement() with args: ["id","com.androidsample.generalstore:id/nameField","46cdd52c-fc57-42a0-b1b0-027569315e8b"]
&amp#27;[38;5;32m[AndroidUiautomator2Driver@c0dc (46cdd52c)]&amp#27;[0m Valid locator strategies for this request: xpath, id, class name, accessibility id, css selector, -android uiautomator
&amp#27;[38;5;32m[AndroidUiautomator2Driver@c0dc (46cdd52c)]&amp#27;[0m Waiting up to 10000 ms for condition
&amp#27;[38;5;32m[AndroidUiautomator2Driver@c0dc (46cdd52c)]&amp#27;[0m Matched '/element' to command name 'findElement'
&amp#27;[38;5;32m[AndroidUiautomator2Driver@c0dc (46cdd52c)]&amp#27;[0m Proxying [POST /element] to [POST http://127.0.0.1:8200/session/b5aba028-50d4-4b2f-9284-687b139802d1/element] with body: {"strategy":"id","selector":"com.androidsample.generalstore:id/nameField","context":"","multiple":false}
&amp#27;[38;5;32m[AndroidUiautomator2Driver@c0dc (46cdd52c)]&amp#27;[0m Got response with status 404: {"sessionId":"b5aba028-50d4-4b2f-9284-687b139802d1","value":{"error":"no such element","message":"An element could not be located on the page using the given search parameters","stacktrace":"io.appium.uiautomator2.common.exceptions.ElementNotFoundException: An element could not be located on the page using the given search parameters\n\tat io.appium.uiautomator2.handler.FindElement.safeHandle(FindElement.java:63)\n\tat io.appium.uiautomator2.handler.request.SafeRequestHandler.handle(SafeRequestHandler.java:59)\n\tat io.appium.uiautomator2.server.AppiumServlet.handleRequest(AppiumServlet.java:277)\n\tat io.appium.uiautomator2.server.AppiumServlet.handleHttpRequest(AppiumServlet.java:271)\n\tat io.appium.uiautomator2.http.ServerHandler.channelRead(ServerHandler.java:77)\n\tat io.netty.channel.AbstractChannelHandlerContext.invokeChannelRead(AbstractChannelHandlerContext.java:366)\n\tat io.netty.channel.AbstractChannelHandlerContext.invokeChannelRead(AbstractChannelHandlerContext.java:352)\n\tat io.netty.chann...
&amp#27;[38;5;128m[W3C]&amp#27;[0m Matched W3C error code 'no such element' to NoSuchElementError
&amp#27;[38;5;32m[AndroidUiautomator2Driver@c0dc (46cdd52c)]&amp#27;[0m Waited for 24 ms so far
&amp#27;[38;5;32m[AndroidUiautomator2Driver@c0dc (46cdd52c)]&amp#27;[0m Matched '/element' to command name 'findElement'
&amp#27;[38;5;32m[AndroidUiautomator2Driver@c0dc (46cdd52c)]&amp#27;[0m Proxying [POST /element] to [POST http://127.0.0.1:8200/session/b5aba028-50d4-4b2f-9284-687b139802d1/element] with body: {"strategy":"id","selector":"com.androidsample.generalstore:id/nameField","context":"","multiple":false}
&amp#27;[38;5;32m[AndroidUiautomator2Driver@c0dc (46cdd52c)]&amp#27;[0m Got response with status 404: {"sessionId":"b5aba028-50d4-4b2f-9284-687b139802d1","value":{"error":"no such element","message":"An element could not be located on the page using the given search parameters","stacktrace":"io.appium.uiautomator2.common.exceptions.ElementNotFoundException: An element could not be located on the page using the given search parameters\n\tat io.appium.uiautomator2.handler.FindElement.safeHandle(FindElement.java:63)\n\tat io.appium.uiautomator2.handler.request.SafeRequestHandler.handle(SafeRequestHandler.java:59)\n\tat io.appium.uiautomator2.server.AppiumServlet.handleRequest(AppiumServlet.java:277)\n\tat io.appium.uiautomator2.server.AppiumServlet.handleHttpRequest(AppiumServlet.java:271)\n\tat io.appium.uiautomator2.http.ServerHandler.channelRead(ServerHandler.java:77)\n\tat io.netty.channel.AbstractChannelHandlerContext.invokeChannelRead(AbstractChannelHandlerContext.java:366)\n\tat io.netty.channel.AbstractChannelHandlerContext.invokeChannelRead(AbstractChannelHandlerContext.java:352)\n\tat io.netty.chann...
&amp#27;[38;5;128m[W3C]&amp#27;[0m Matched W3C error code 'no such element' to NoSuchElementError
&amp#27;[38;5;32m[AndroidUiautomator2Driver@c0dc (46cdd52c)]&amp#27;[0m Waited for 544 ms so far
&amp#27;[38;5;32m[AndroidUiautomator2Driver@c0dc (46cdd52c)]&amp#27;[0m Matched '/element' to command name 'findElement'
&amp#27;[38;5;32m[AndroidUiautomator2Driver@c0dc (46cdd52c)]&amp#27;[0m Proxying [POST /element] to [POST http://127.0.0.1:8200/session/b5aba028-50d4-4b2f-9284-687b139802d1/element] with body: {"strategy":"id","selector":"com.androidsample.generalstore:id/nameField","context":"","multiple":false}
&amp#27;[38;5;32m[AndroidUiautomator2Driver@c0dc (46cdd52c)]&amp#27;[0m Got response with status 404: {"sessionId":"b5aba028-50d4-4b2f-9284-687b139802d1","value":{"error":"no such element","message":"An element could not be located on the page using the given search parameters","stacktrace":"io.appium.uiautomator2.common.exceptions.ElementNotFoundException: An element could not be located on the page using the given search parameters\n\tat io.appium.uiautomator2.handler.FindElement.safeHandle(FindElement.java:63)\n\tat io.appium.uiautomator2.handler.request.SafeRequestHandler.handle(SafeRequestHandler.java:59)\n\tat io.appium.uiautomator2.server.AppiumServlet.handleRequest(AppiumServlet.java:277)\n\tat io.appium.uiautomator2.server.AppiumServlet.handleHttpRequest(AppiumServlet.java:271)\n\tat io.appium.uiautomator2.http.ServerHandler.channelRead(ServerHandler.java:77)\n\tat io.netty.channel.AbstractChannelHandlerContext.invokeChannelRead(AbstractChannelHandlerContext.java:366)\n\tat io.netty.channel.AbstractChannelHandlerContext.invokeChannelRead(AbstractChannelHandlerContext.java:352)\n\tat io.netty.chann...
&amp#27;[38;5;128m[W3C]&amp#27;[0m Matched W3C error code 'no such element' to NoSuchElementError
&amp#27;[38;5;32m[AndroidUiautomator2Driver@c0dc (46cdd52c)]&amp#27;[0m Waited for 1064 ms so far
&amp#27;[38;5;32m[AndroidUiautomator2Driver@c0dc (46cdd52c)]&amp#27;[0m Matched '/element' to command name 'findElement'
&amp#27;[38;5;32m[AndroidUiautomator2Driver@c0dc (46cdd52c)]&amp#27;[0m Proxying [POST /element] to [POST http://127.0.0.1:8200/session/b5aba028-50d4-4b2f-9284-687b139802d1/element] with body: {"strategy":"id","selector":"com.androidsample.generalstore:id/nameField","context":"","multiple":false}
&amp#27;[38;5;32m[AndroidUiautomator2Driver@c0dc (46cdd52c)]&amp#27;[0m Got response with status 404: {"sessionId":"b5aba028-50d4-4b2f-9284-687b139802d1","value":{"error":"no such element","message":"An element could not be located on the page using the given search parameters","stacktrace":"io.appium.uiautomator2.common.exceptions.ElementNotFoundException: An element could not be located on the page using the given search parameters\n\tat io.appium.uiautomator2.handler.FindElement.safeHandle(FindElement.java:63)\n\tat io.appium.uiautomator2.handler.request.SafeRequestHandler.handle(SafeRequestHandler.java:59)\n\tat io.appium.uiautomator2.server.AppiumServlet.handleRequest(AppiumServlet.java:277)\n\tat io.appium.uiautomator2.server.AppiumServlet.handleHttpRequest(AppiumServlet.java:271)\n\tat io.appium.uiautomator2.http.ServerHandler.channelRead(ServerHandler.java:77)\n\tat io.netty.channel.AbstractChannelHandlerContext.invokeChannelRead(AbstractChannelHandlerContext.java:366)\n\tat io.netty.channel.AbstractChannelHandlerContext.invokeChannelRead(AbstractChannelHandlerContext.java:352)\n\tat io.netty.chann...
&amp#27;[38;5;128m[W3C]&amp#27;[0m Matched W3C error code 'no such element' to NoSuchElementError
&amp#27;[38;5;32m[AndroidUiautomator2Driver@c0dc (46cdd52c)]&amp#27;[0m Waited for 1583 ms so far
&amp#27;[38;5;32m[AndroidUiautomator2Driver@c0dc (46cdd52c)]&amp#27;[0m Matched '/element' to command name 'findElement'
&amp#27;[38;5;32m[AndroidUiautomator2Driver@c0dc (46cdd52c)]&amp#27;[0m Proxying [POST /element] to [POST http://127.0.0.1:8200/session/b5aba028-50d4-4b2f-9284-687b139802d1/element] with body: {"strategy":"id","selector":"com.androidsample.generalstore:id/nameField","context":"","multiple":false}
&amp#27;[38;5;32m[AndroidUiautomator2Driver@c0dc (46cdd52c)]&amp#27;[0m Got response with status 200: {"sessionId":"b5aba028-50d4-4b2f-9284-687b139802d1","value":{"ELEMENT":"00000000-0000-0158-ffff-ffff0000001d","element-6066-11e4-a52e-4f735466cecf":"00000000-0000-0158-ffff-ffff0000001d"}}
&amp#27;[38;5;32m[AndroidUiautomator2Driver@c0dc (46cdd52c)]&amp#27;[0m Responding to client with driver.findElement() result: {"element-6066-11e4-a52e-4f735466cecf":"00000000-0000-0158-ffff-ffff0000001d","ELEMENT":"00000000-0000-0158-ffff-ffff0000001d"}
&amp#27;[38;5;0m[HTTP]&amp#27;[0m &amp#27;[37m<-- POST /session/46cdd52c-fc57-42a0-b1b0-027569315e8b/element &amp#27;[39m&amp#27;[32m200&amp#27;[39m &amp#27;[90m2773 ms - 137&amp#27;[39m
&amp#27;[38;5;0m[HTTP]&amp#27;[0m &amp#27;[90m&amp#27;[39m
&amp#27;[38;5;0m[HTTP]&amp#27;[0m &amp#27;[37m-->&amp#27;[39m &amp#27;[37mPOST&amp#27;[39m &amp#27;[37m/session/46cdd52c-fc57-42a0-b1b0-027569315e8b/element/00000000-0000-0158-ffff-ffff0000001d/value&amp#27;[39m
&amp#27;[38;5;0m[HTTP]&amp#27;[0m &amp#27;[90m{"id":"00000000-0000-0158-ffff-ffff0000001d","text":"My Name","value":["M","y"," ","N","a","m","e"]}&amp#27;[39m
&amp#27;[38;5;32m[AndroidUiautomator2Driver@c0dc (46cdd52c)]&amp#27;[0m Calling AppiumDriver.setValue() with args: [["M","y"," ","N","a","m","e"],"00000000-0000-0158-ffff-ffff0000001d","46cdd52c-fc57-42a0-b1b0-027569315e8b"]
&amp#27;[38;5;32m[AndroidUiautomator2Driver@c0dc (46cdd52c)]&amp#27;[0m Matched '/element/00000000-0000-0158-ffff-ffff0000001d/value' to command name 'setValue'
&amp#27;[38;5;32m[AndroidUiautomator2Driver@c0dc (46cdd52c)]&amp#27;[0m Added 'value' property ["M","y"," ","N","a","m","e"] to 'setValue' request body
&amp#27;[38;5;32m[AndroidUiautomator2Driver@c0dc (46cdd52c)]&amp#27;[0m Proxying [POST /element/00000000-0000-0158-ffff-ffff0000001d/value] to [POST http://127.0.0.1:8200/session/b5aba028-50d4-4b2f-9284-687b139802d1/element/00000000-0000-0158-ffff-ffff0000001d/value] with body: {"elementId":"00000000-0000-0158-ffff-ffff0000001d","text":"My Name","replace":false,"value":["M","y"," ","N","a","m","e"]}
&amp#27;[38;5;32m[AndroidUiautomator2Driver@c0dc (46cdd52c)]&amp#27;[0m Got response with status 200: {"sessionId":"b5aba028-50d4-4b2f-9284-687b139802d1","value":null}
&amp#27;[38;5;32m[AndroidUiautomator2Driver@c0dc (46cdd52c)]&amp#27;[0m Responding to client with driver.setValue() result: null
&amp#27;[38;5;0m[HTTP]&amp#27;[0m &amp#27;[37m<-- POST /session/46cdd52c-fc57-42a0-b1b0-027569315e8b/element/00000000-0000-0158-ffff-ffff0000001d/value &amp#27;[39m&amp#27;[32m200&amp#27;[39m &amp#27;[90m535 ms - 14&amp#27;[39m
&amp#27;[38;5;0m[HTTP]&amp#27;[0m &amp#27;[90m&amp#27;[39m
&amp#27;[38;5;0m[HTTP]&amp#27;[0m &amp#27;[37m-->&amp#27;[39m &amp#27;[37mPOST&amp#27;[39m &amp#27;[37m/session/46cdd52c-fc57-42a0-b1b0-027569315e8b/execute/sync&amp#27;[39m
&amp#27;[38;5;0m[HTTP]&amp#27;[0m &amp#27;[90m{"script":"mobile: hideKeyboard","args":[]}&amp#27;[39m
&amp#27;[38;5;32m[AndroidUiautomator2Driver@c0dc (46cdd52c)]&amp#27;[0m Calling AppiumDriver.execute() with args: ["mobile: hideKeyboard",[],"46cdd52c-fc57-42a0-b1b0-027569315e8b"]
&amp#27;[38;5;32m[AndroidUiautomator2Driver@c0dc (46cdd52c)]&amp#27;[0m Executing method 'mobile: hideKeyboard'
&amp#27;[38;5;64m[ADB]&amp#27;[0m Running 'C:\Users\bryan.pereyra\AppData\Local\Android\Sdk\platform-tools\adb.exe -P 5037 -s emulator-5554 shell dumpsys input_method'
&amp#27;[38;5;64m[ADB]&amp#27;[0m Keyboard has no UI; no closing necessary
&amp#27;[38;5;32m[AndroidUiautomator2Driver@c0dc (46cdd52c)]&amp#27;[0m Responding to client with driver.execute() result: false
&amp#27;[38;5;0m[HTTP]&amp#27;[0m &amp#27;[37m<-- POST /session/46cdd52c-fc57-42a0-b1b0-027569315e8b/execute/sync &amp#27;[39m&amp#27;[32m200&amp#27;[39m &amp#27;[90m103 ms - 15&amp#27;[39m
&amp#27;[38;5;0m[HTTP]&amp#27;[0m &amp#27;[90m&amp#27;[39m
&amp#27;[38;5;0m[HTTP]&amp#27;[0m &amp#27;[37m-->&amp#27;[39m &amp#27;[37mPOST&amp#27;[39m &amp#27;[37m/session/46cdd52c-fc57-42a0-b1b0-027569315e8b/element&amp#27;[39m
&amp#27;[38;5;0m[HTTP]&amp#27;[0m &amp#27;[90m{"using":"id","value":"com.androidsample.generalstore:id/radioFemale"}&amp#27;[39m
&amp#27;[38;5;32m[AndroidUiautomator2Driver@c0dc (46cdd52c)]&amp#27;[0m Calling AppiumDriver.findElement() with args: ["id","com.androidsample.generalstore:id/radioFemale","46cdd52c-fc57-42a0-b1b0-027569315e8b"]
&amp#27;[38;5;32m[AndroidUiautomator2Driver@c0dc (46cdd52c)]&amp#27;[0m Valid locator strategies for this request: xpath, id, class name, accessibility id, css selector, -android uiautomator
&amp#27;[38;5;32m[AndroidUiautomator2Driver@c0dc (46cdd52c)]&amp#27;[0m Waiting up to 10000 ms for condition
&amp#27;[38;5;32m[AndroidUiautomator2Driver@c0dc (46cdd52c)]&amp#27;[0m Matched '/element' to command name 'findElement'
&amp#27;[38;5;32m[AndroidUiautomator2Driver@c0dc (46cdd52c)]&amp#27;[0m Proxying [POST /element] to [POST http://127.0.0.1:8200/session/b5aba028-50d4-4b2f-9284-687b139802d1/element] with body: {"strategy":"id","selector":"com.androidsample.generalstore:id/radioFemale","context":"","multiple":false}
&amp#27;[38;5;32m[AndroidUiautomator2Driver@c0dc (46cdd52c)]&amp#27;[0m Got response with status 200: {"sessionId":"b5aba028-50d4-4b2f-9284-687b139802d1","value":{"ELEMENT":"00000000-0000-0158-ffff-ffff00000021","element-6066-11e4-a52e-4f735466cecf":"00000000-0000-0158-ffff-ffff00000021"}}
&amp#27;[38;5;32m[AndroidUiautomator2Driver@c0dc (46cdd52c)]&amp#27;[0m Responding to client with driver.findElement() result: {"element-6066-11e4-a52e-4f735466cecf":"00000000-0000-0158-ffff-ffff00000021","ELEMENT":"00000000-0000-0158-ffff-ffff00000021"}
&amp#27;[38;5;0m[HTTP]&amp#27;[0m &amp#27;[37m<-- POST /session/46cdd52c-fc57-42a0-b1b0-027569315e8b/element &amp#27;[39m&amp#27;[32m200&amp#27;[39m &amp#27;[90m394 ms - 137&amp#27;[39m
&amp#27;[38;5;0m[HTTP]&amp#27;[0m &amp#27;[90m&amp#27;[39m
&amp#27;[38;5;0m[HTTP]&amp#27;[0m &amp#27;[37m-->&amp#27;[39m &amp#27;[37mPOST&amp#27;[39m &amp#27;[37m/session/46cdd52c-fc57-42a0-b1b0-027569315e8b/element/00000000-0000-0158-ffff-ffff00000021/click&amp#27;[39m
&amp#27;[38;5;0m[HTTP]&amp#27;[0m &amp#27;[90m{"id":"00000000-0000-0158-ffff-ffff00000021"}&amp#27;[39m
&amp#27;[38;5;32m[AndroidUiautomator2Driver@c0dc (46cdd52c)]&amp#27;[0m Calling AppiumDriver.click() with args: ["00000000-0000-0158-ffff-ffff00000021","46cdd52c-fc57-42a0-b1b0-027569315e8b"]
&amp#27;[38;5;32m[AndroidUiautomator2Driver@c0dc (46cdd52c)]&amp#27;[0m Matched '/element/00000000-0000-0158-ffff-ffff00000021/click' to command name 'click'
&amp#27;[38;5;32m[AndroidUiautomator2Driver@c0dc (46cdd52c)]&amp#27;[0m Proxying [POST /element/00000000-0000-0158-ffff-ffff00000021/click] to [POST http://127.0.0.1:8200/session/b5aba028-50d4-4b2f-9284-687b139802d1/element/00000000-0000-0158-ffff-ffff00000021/click] with body: {"element":"00000000-0000-0158-ffff-ffff00000021"}
&amp#27;[38;5;32m[AndroidUiautomator2Driver@c0dc (46cdd52c)]&amp#27;[0m Got response with status 200: {"sessionId":"b5aba028-50d4-4b2f-9284-687b139802d1","value":null}
&amp#27;[38;5;32m[AndroidUiautomator2Driver@c0dc (46cdd52c)]&amp#27;[0m Responding to client with driver.click() result: null
&amp#27;[38;5;0m[HTTP]&amp#27;[0m &amp#27;[37m<-- POST /session/46cdd52c-fc57-42a0-b1b0-027569315e8b/element/00000000-0000-0158-ffff-ffff00000021/click &amp#27;[39m&amp#27;[32m200&amp#27;[39m &amp#27;[90m42 ms - 14&amp#27;[39m
&amp#27;[38;5;0m[HTTP]&amp#27;[0m &amp#27;[90m&amp#27;[39m
&amp#27;[38;5;0m[HTTP]&amp#27;[0m &amp#27;[37m-->&amp#27;[39m &amp#27;[37mPOST&amp#27;[39m &amp#27;[37m/session/46cdd52c-fc57-42a0-b1b0-027569315e8b/element&amp#27;[39m
&amp#27;[38;5;0m[HTTP]&amp#27;[0m &amp#27;[90m{"using":"id","value":"android:id/text1"}&amp#27;[39m
&amp#27;[38;5;32m[AndroidUiautomator2Driver@c0dc (46cdd52c)]&amp#27;[0m Calling AppiumDriver.findElement() with args: ["id","android:id/text1","46cdd52c-fc57-42a0-b1b0-027569315e8b"]
&amp#27;[38;5;32m[AndroidUiautomator2Driver@c0dc (46cdd52c)]&amp#27;[0m Valid locator strategies for this request: xpath, id, class name, accessibility id, css selector, -android uiautomator
&amp#27;[38;5;32m[AndroidUiautomator2Driver@c0dc (46cdd52c)]&amp#27;[0m Waiting up to 10000 ms for condition
&amp#27;[38;5;32m[AndroidUiautomator2Driver@c0dc (46cdd52c)]&amp#27;[0m Matched '/element' to command name 'findElement'
&amp#27;[38;5;32m[AndroidUiautomator2Driver@c0dc (46cdd52c)]&amp#27;[0m Proxying [POST /element] to [POST http://127.0.0.1:8200/session/b5aba028-50d4-4b2f-9284-687b139802d1/element] with body: {"strategy":"id","selector":"android:id/text1","context":"","multiple":false}
&amp#27;[38;5;32m[AndroidUiautomator2Driver@c0dc (46cdd52c)]&amp#27;[0m Got response with status 200: {"sessionId":"b5aba028-50d4-4b2f-9284-687b139802d1","value":{"ELEMENT":"00000000-0000-0158-ffff-ffff00000024","element-6066-11e4-a52e-4f735466cecf":"00000000-0000-0158-ffff-ffff00000024"}}
&amp#27;[38;5;32m[AndroidUiautomator2Driver@c0dc (46cdd52c)]&amp#27;[0m Responding to client with driver.findElement() result: {"element-6066-11e4-a52e-4f735466cecf":"00000000-0000-0158-ffff-ffff00000024","ELEMENT":"00000000-0000-0158-ffff-ffff00000024"}
&amp#27;[38;5;0m[HTTP]&amp#27;[0m &amp#27;[37m<-- POST /session/46cdd52c-fc57-42a0-b1b0-027569315e8b/element &amp#27;[39m&amp#27;[32m200&amp#27;[39m &amp#27;[90m36 ms - 137&amp#27;[39m
&amp#27;[38;5;0m[HTTP]&amp#27;[0m &amp#27;[90m&amp#27;[39m
&amp#27;[38;5;0m[HTTP]&amp#27;[0m &amp#27;[37m-->&amp#27;[39m &amp#27;[37mPOST&amp#27;[39m &amp#27;[37m/session/46cdd52c-fc57-42a0-b1b0-027569315e8b/element/00000000-0000-0158-ffff-ffff00000024/click&amp#27;[39m
&amp#27;[38;5;0m[HTTP]&amp#27;[0m &amp#27;[90m{"id":"00000000-0000-0158-ffff-ffff00000024"}&amp#27;[39m
&amp#27;[38;5;32m[AndroidUiautomator2Driver@c0dc (46cdd52c)]&amp#27;[0m Calling AppiumDriver.click() with args: ["00000000-0000-0158-ffff-ffff00000024","46cdd52c-fc57-42a0-b1b0-027569315e8b"]
&amp#27;[38;5;32m[AndroidUiautomator2Driver@c0dc (46cdd52c)]&amp#27;[0m Matched '/element/00000000-0000-0158-ffff-ffff00000024/click' to command name 'click'
&amp#27;[38;5;32m[AndroidUiautomator2Driver@c0dc (46cdd52c)]&amp#27;[0m Proxying [POST /element/00000000-0000-0158-ffff-ffff00000024/click] to [POST http://127.0.0.1:8200/session/b5aba028-50d4-4b2f-9284-687b139802d1/element/00000000-0000-0158-ffff-ffff00000024/click] with body: {"element":"00000000-0000-0158-ffff-ffff00000024"}
&amp#27;[38;5;32m[AndroidUiautomator2Driver@c0dc (46cdd52c)]&amp#27;[0m Got response with status 200: {"sessionId":"b5aba028-50d4-4b2f-9284-687b139802d1","value":null}
&amp#27;[38;5;32m[AndroidUiautomator2Driver@c0dc (46cdd52c)]&amp#27;[0m Responding to client with driver.click() result: null
&amp#27;[38;5;0m[HTTP]&amp#27;[0m &amp#27;[37m<-- POST /session/46cdd52c-fc57-42a0-b1b0-027569315e8b/element/00000000-0000-0158-ffff-ffff00000024/click &amp#27;[39m&amp#27;[32m200&amp#27;[39m &amp#27;[90m590 ms - 14&amp#27;[39m
&amp#27;[38;5;0m[HTTP]&amp#27;[0m &amp#27;[90m&amp#27;[39m
&amp#27;[38;5;0m[HTTP]&amp#27;[0m &amp#27;[37m-->&amp#27;[39m &amp#27;[37mPOST&amp#27;[39m &amp#27;[37m/session/46cdd52c-fc57-42a0-b1b0-027569315e8b/element&amp#27;[39m
&amp#27;[38;5;0m[HTTP]&amp#27;[0m &amp#27;[90m{"using":"-android uiautomator","value":"new UiScrollable(new UiSelector()).scrollIntoView(text(\"Australia\"));"}&amp#27;[39m
&amp#27;[38;5;32m[AndroidUiautomator2Driver@c0dc (46cdd52c)]&amp#27;[0m Calling AppiumDriver.findElement() with args: ["-android uiautomator","new UiScrollable(new UiSelector()).scrollIntoView(text(\"Australia\"));","46cdd52c-fc57-42a0-b1b0-027569315e8b"]
&amp#27;[38;5;32m[AndroidUiautomator2Driver@c0dc (46cdd52c)]&amp#27;[0m Valid locator strategies for this request: xpath, id, class name, accessibility id, css selector, -android uiautomator
&amp#27;[38;5;32m[AndroidUiautomator2Driver@c0dc (46cdd52c)]&amp#27;[0m Waiting up to 10000 ms for condition
&amp#27;[38;5;32m[AndroidUiautomator2Driver@c0dc (46cdd52c)]&amp#27;[0m Matched '/element' to command name 'findElement'
&amp#27;[38;5;32m[AndroidUiautomator2Driver@c0dc (46cdd52c)]&amp#27;[0m Proxying [POST /element] to [POST http://127.0.0.1:8200/session/b5aba028-50d4-4b2f-9284-687b139802d1/element] with body: {"strategy":"-android uiautomator","selector":"new UiScrollable(new UiSelector()).scrollIntoView(text(\"Australia\"));","context":"","multiple":false}
&amp#27;[38;5;32m[AndroidUiautomator2Driver@c0dc (46cdd52c)]&amp#27;[0m Got response with status 200: {"sessionId":"b5aba028-50d4-4b2f-9284-687b139802d1","value":{"ELEMENT":"00000000-0000-0159-ffff-ffff0000002b","element-6066-11e4-a52e-4f735466cecf":"00000000-0000-0159-ffff-ffff0000002b"}}
&amp#27;[38;5;32m[AndroidUiautomator2Driver@c0dc (46cdd52c)]&amp#27;[0m Responding to client with driver.findElement() result: {"element-6066-11e4-a52e-4f735466cecf":"00000000-0000-0159-ffff-ffff0000002b","ELEMENT":"00000000-0000-0159-ffff-ffff0000002b"}
&amp#27;[38;5;0m[HTTP]&amp#27;[0m &amp#27;[37m<-- POST /session/46cdd52c-fc57-42a0-b1b0-027569315e8b/element &amp#27;[39m&amp#27;[32m200&amp#27;[39m &amp#27;[90m3982 ms - 137&amp#27;[39m
&amp#27;[38;5;0m[HTTP]&amp#27;[0m &amp#27;[90m&amp#27;[39m
&amp#27;[38;5;0m[HTTP]&amp#27;[0m &amp#27;[37m-->&amp#27;[39m &amp#27;[37mPOST&amp#27;[39m &amp#27;[37m/session/46cdd52c-fc57-42a0-b1b0-027569315e8b/element&amp#27;[39m
&amp#27;[38;5;0m[HTTP]&amp#27;[0m &amp#27;[90m{"using":"xpath","value":"//android.widget.TextView[@text='Australia']"}&amp#27;[39m
&amp#27;[38;5;32m[AndroidUiautomator2Driver@c0dc (46cdd52c)]&amp#27;[0m Calling AppiumDriver.findElement() with args: ["xpath","//android.widget.TextView[@text='Australia']","46cdd52c-fc57-42a0-b1b0-027569315e8b"]
&amp#27;[38;5;32m[AndroidUiautomator2Driver@c0dc (46cdd52c)]&amp#27;[0m Valid locator strategies for this request: xpath, id, class name, accessibility id, css selector, -android uiautomator
&amp#27;[38;5;32m[AndroidUiautomator2Driver@c0dc (46cdd52c)]&amp#27;[0m Waiting up to 10000 ms for condition
&amp#27;[38;5;32m[AndroidUiautomator2Driver@c0dc (46cdd52c)]&amp#27;[0m Matched '/element' to command name 'findElement'
&amp#27;[38;5;32m[AndroidUiautomator2Driver@c0dc (46cdd52c)]&amp#27;[0m Proxying [POST /element] to [POST http://127.0.0.1:8200/session/b5aba028-50d4-4b2f-9284-687b139802d1/element] with body: {"strategy":"xpath","selector":"//android.widget.TextView[@text='Australia']","context":"","multiple":false}
&amp#27;[38;5;32m[AndroidUiautomator2Driver@c0dc (46cdd52c)]&amp#27;[0m Got response with status 200: {"sessionId":"b5aba028-50d4-4b2f-9284-687b139802d1","value":{"ELEMENT":"00000000-0000-0159-ffff-ffff0000002b","element-6066-11e4-a52e-4f735466cecf":"00000000-0000-0159-ffff-ffff0000002b"}}
&amp#27;[38;5;32m[AndroidUiautomator2Driver@c0dc (46cdd52c)]&amp#27;[0m Responding to client with driver.findElement() result: {"element-6066-11e4-a52e-4f735466cecf":"00000000-0000-0159-ffff-ffff0000002b","ELEMENT":"00000000-0000-0159-ffff-ffff0000002b"}
&amp#27;[38;5;0m[HTTP]&amp#27;[0m &amp#27;[37m<-- POST /session/46cdd52c-fc57-42a0-b1b0-027569315e8b/element &amp#27;[39m&amp#27;[32m200&amp#27;[39m &amp#27;[90m243 ms - 137&amp#27;[39m
&amp#27;[38;5;0m[HTTP]&amp#27;[0m &amp#27;[90m&amp#27;[39m
&amp#27;[38;5;0m[HTTP]&amp#27;[0m &amp#27;[37m-->&amp#27;[39m &amp#27;[37mPOST&amp#27;[39m &amp#27;[37m/session/46cdd52c-fc57-42a0-b1b0-027569315e8b/element/00000000-0000-0159-ffff-ffff0000002b/click&amp#27;[39m
&amp#27;[38;5;0m[HTTP]&amp#27;[0m &amp#27;[90m{"id":"00000000-0000-0159-ffff-ffff0000002b"}&amp#27;[39m
&amp#27;[38;5;32m[AndroidUiautomator2Driver@c0dc (46cdd52c)]&amp#27;[0m Calling AppiumDriver.click() with args: ["00000000-0000-0159-ffff-ffff0000002b","46cdd52c-fc57-42a0-b1b0-027569315e8b"]
&amp#27;[38;5;32m[AndroidUiautomator2Driver@c0dc (46cdd52c)]&amp#27;[0m Matched '/element/00000000-0000-0159-ffff-ffff0000002b/click' to command name 'click'
&amp#27;[38;5;32m[AndroidUiautomator2Driver@c0dc (46cdd52c)]&amp#27;[0m Proxying [POST /element/00000000-0000-0159-ffff-ffff0000002b/click] to [POST http://127.0.0.1:8200/session/b5aba028-50d4-4b2f-9284-687b139802d1/element/00000000-0000-0159-ffff-ffff0000002b/click] with body: {"element":"00000000-0000-0159-ffff-ffff0000002b"}
&amp#27;[38;5;32m[AndroidUiautomator2Driver@c0dc (46cdd52c)]&amp#27;[0m Got response with status 200: {"sessionId":"b5aba028-50d4-4b2f-9284-687b139802d1","value":null}
&amp#27;[38;5;32m[AndroidUiautomator2Driver@c0dc (46cdd52c)]&amp#27;[0m Responding to client with driver.click() result: null
&amp#27;[38;5;0m[HTTP]&amp#27;[0m &amp#27;[37m<-- POST /session/46cdd52c-fc57-42a0-b1b0-027569315e8b/element/00000000-0000-0159-ffff-ffff0000002b/click &amp#27;[39m&amp#27;[32m200&amp#27;[39m &amp#27;[90m664 ms - 14&amp#27;[39m
&amp#27;[38;5;0m[HTTP]&amp#27;[0m &amp#27;[90m&amp#27;[39m
&amp#27;[38;5;0m[HTTP]&amp#27;[0m &amp#27;[37m-->&amp#27;[39m &amp#27;[37mPOST&amp#27;[39m &amp#27;[37m/session/46cdd52c-fc57-42a0-b1b0-027569315e8b/element&amp#27;[39m
&amp#27;[38;5;0m[HTTP]&amp#27;[0m &amp#27;[90m{"using":"id","value":"com.androidsample.generalstore:id/btnLetsShop"}&amp#27;[39m
&amp#27;[38;5;32m[AndroidUiautomator2Driver@c0dc (46cdd52c)]&amp#27;[0m Calling AppiumDriver.findElement() with args: ["id","com.androidsample.generalstore:id/btnLetsShop","46cdd52c-fc57-42a0-b1b0-027569315e8b"]
&amp#27;[38;5;32m[AndroidUiautomator2Driver@c0dc (46cdd52c)]&amp#27;[0m Valid locator strategies for this request: xpath, id, class name, accessibility id, css selector, -android uiautomator
&amp#27;[38;5;32m[AndroidUiautomator2Driver@c0dc (46cdd52c)]&amp#27;[0m Waiting up to 10000 ms for condition
&amp#27;[38;5;32m[AndroidUiautomator2Driver@c0dc (46cdd52c)]&amp#27;[0m Matched '/element' to command name 'findElement'
&amp#27;[38;5;32m[AndroidUiautomator2Driver@c0dc (46cdd52c)]&amp#27;[0m Proxying [POST /element] to [POST http://127.0.0.1:8200/session/b5aba028-50d4-4b2f-9284-687b139802d1/element] with body: {"strategy":"id","selector":"com.androidsample.generalstore:id/btnLetsShop","context":"","multiple":false}
&amp#27;[38;5;32m[AndroidUiautomator2Driver@c0dc (46cdd52c)]&amp#27;[0m Got response with status 200: {"sessionId":"b5aba028-50d4-4b2f-9284-687b139802d1","value":{"ELEMENT":"00000000-0000-0158-ffff-ffff00000022","element-6066-11e4-a52e-4f735466cecf":"00000000-0000-0158-ffff-ffff00000022"}}
&amp#27;[38;5;32m[AndroidUiautomator2Driver@c0dc (46cdd52c)]&amp#27;[0m Responding to client with driver.findElement() result: {"element-6066-11e4-a52e-4f735466cecf":"00000000-0000-0158-ffff-ffff00000022","ELEMENT":"00000000-0000-0158-ffff-ffff00000022"}
&amp#27;[38;5;0m[HTTP]&amp#27;[0m &amp#27;[37m<-- POST /session/46cdd52c-fc57-42a0-b1b0-027569315e8b/element &amp#27;[39m&amp#27;[32m200&amp#27;[39m &amp#27;[90m17 ms - 137&amp#27;[39m
&amp#27;[38;5;0m[HTTP]&amp#27;[0m &amp#27;[90m&amp#27;[39m
&amp#27;[38;5;0m[HTTP]&amp#27;[0m &amp#27;[37m-->&amp#27;[39m &amp#27;[37mPOST&amp#27;[39m &amp#27;[37m/session/46cdd52c-fc57-42a0-b1b0-027569315e8b/element/00000000-0000-0158-ffff-ffff00000022/click&amp#27;[39m
&amp#27;[38;5;0m[HTTP]&amp#27;[0m &amp#27;[90m{"id":"00000000-0000-0158-ffff-ffff00000022"}&amp#27;[39m
&amp#27;[38;5;32m[AndroidUiautomator2Driver@c0dc (46cdd52c)]&amp#27;[0m Calling AppiumDriver.click() with args: ["00000000-0000-0158-ffff-ffff00000022","46cdd52c-fc57-42a0-b1b0-027569315e8b"]
&amp#27;[38;5;32m[AndroidUiautomator2Driver@c0dc (46cdd52c)]&amp#27;[0m Matched '/element/00000000-0000-0158-ffff-ffff00000022/click' to command name 'click'
&amp#27;[38;5;32m[AndroidUiautomator2Driver@c0dc (46cdd52c)]&amp#27;[0m Proxying [POST /element/00000000-0000-0158-ffff-ffff00000022/click] to [POST http://127.0.0.1:8200/session/b5aba028-50d4-4b2f-9284-687b139802d1/element/00000000-0000-0158-ffff-ffff00000022/click] with body: {"element":"00000000-0000-0158-ffff-ffff00000022"}
&amp#27;[38;5;32m[AndroidUiautomator2Driver@c0dc (46cdd52c)]&amp#27;[0m Got response with status 200: {"sessionId":"b5aba028-50d4-4b2f-9284-687b139802d1","value":null}
&amp#27;[38;5;32m[AndroidUiautomator2Driver@c0dc (46cdd52c)]&amp#27;[0m Responding to client with driver.click() result: null
&amp#27;[38;5;0m[HTTP]&amp#27;[0m &amp#27;[37m<-- POST /session/46cdd52c-fc57-42a0-b1b0-027569315e8b/element/00000000-0000-0158-ffff-ffff00000022/click &amp#27;[39m&amp#27;[32m200&amp#27;[39m &amp#27;[90m39 ms - 14&amp#27;[39m
&amp#27;[38;5;0m[HTTP]&amp#27;[0m &amp#27;[90m&amp#27;[39m
&amp#27;[38;5;0m[HTTP]&amp#27;[0m &amp#27;[37m-->&amp#27;[39m &amp#27;[37mPOST&amp#27;[39m &amp#27;[37m/session/46cdd52c-fc57-42a0-b1b0-027569315e8b/elements&amp#27;[39m
&amp#27;[38;5;0m[HTTP]&amp#27;[0m &amp#27;[90m{"using":"xpath","value":"//android.widget.TextView[@text='ADD TO CART']"}&amp#27;[39m
&amp#27;[38;5;32m[AndroidUiautomator2Driver@c0dc (46cdd52c)]&amp#27;[0m Calling AppiumDriver.findElements() with args: ["xpath","//android.widget.TextView[@text='ADD TO CART']","46cdd52c-fc57-42a0-b1b0-027569315e8b"]
&amp#27;[38;5;32m[AndroidUiautomator2Driver@c0dc (46cdd52c)]&amp#27;[0m Valid locator strategies for this request: xpath, id, class name, accessibility id, css selector, -android uiautomator
&amp#27;[38;5;32m[AndroidUiautomator2Driver@c0dc (46cdd52c)]&amp#27;[0m Waiting up to 10000 ms for condition
&amp#27;[38;5;32m[AndroidUiautomator2Driver@c0dc (46cdd52c)]&amp#27;[0m Matched '/elements' to command name 'findElements'
&amp#27;[38;5;32m[AndroidUiautomator2Driver@c0dc (46cdd52c)]&amp#27;[0m Proxying [POST /elements] to [POST http://127.0.0.1:8200/session/b5aba028-50d4-4b2f-9284-687b139802d1/elements] with body: {"strategy":"xpath","selector":"//android.widget.TextView[@text='ADD TO CART']","context":"","multiple":true}
&amp#27;[38;5;32m[AndroidUiautomator2Driver@c0dc (46cdd52c)]&amp#27;[0m Got response with status 200: {"sessionId":"b5aba028-50d4-4b2f-9284-687b139802d1","value":[{"ELEMENT":"00000000-0000-015a-ffff-ffff00000053","element-6066-11e4-a52e-4f735466cecf":"00000000-0000-015a-ffff-ffff00000053"},{"ELEMENT":"00000000-0000-015a-ffff-ffff0000005b","element-6066-11e4-a52e-4f735466cecf":"00000000-0000-015a-ffff-ffff0000005b"}]}
&amp#27;[38;5;32m[AndroidUiautomator2Driver@c0dc (46cdd52c)]&amp#27;[0m Responding to client with driver.findElements() result: [{"element-6066-11e4-a52e-4f735466cecf":"00000000-0000-015a-ffff-ffff00000053","ELEMENT":"00000000-0000-015a-ffff-ffff00000053"},{"element-6066-11e4-a52e-4f735466cecf":"00000000-0000-015a-ffff-ffff0000005b","ELEMENT":"00000000-0000-015a-ffff-ffff0000005b"}]
&amp#27;[38;5;0m[HTTP]&amp#27;[0m &amp#27;[37m<-- POST /session/46cdd52c-fc57-42a0-b1b0-027569315e8b/elements &amp#27;[39m&amp#27;[32m200&amp#27;[39m &amp#27;[90m898 ms - 267&amp#27;[39m
&amp#27;[38;5;0m[HTTP]&amp#27;[0m &amp#27;[90m&amp#27;[39m
&amp#27;[38;5;0m[HTTP]&amp#27;[0m &amp#27;[37m-->&amp#27;[39m &amp#27;[37mPOST&amp#27;[39m &amp#27;[37m/session/46cdd52c-fc57-42a0-b1b0-027569315e8b/element/00000000-0000-015a-ffff-ffff00000053/click&amp#27;[39m
&amp#27;[38;5;0m[HTTP]&amp#27;[0m &amp#27;[90m{"id":"00000000-0000-015a-ffff-ffff00000053"}&amp#27;[39m
&amp#27;[38;5;32m[AndroidUiautomator2Driver@c0dc (46cdd52c)]&amp#27;[0m Calling AppiumDriver.click() with args: ["00000000-0000-015a-ffff-ffff00000053","46cdd52c-fc57-42a0-b1b0-027569315e8b"]
&amp#27;[38;5;32m[AndroidUiautomator2Driver@c0dc (46cdd52c)]&amp#27;[0m Matched '/element/00000000-0000-015a-ffff-ffff00000053/click' to command name 'click'
&amp#27;[38;5;32m[AndroidUiautomator2Driver@c0dc (46cdd52c)]&amp#27;[0m Proxying [POST /element/00000000-0000-015a-ffff-ffff00000053/click] to [POST http://127.0.0.1:8200/session/b5aba028-50d4-4b2f-9284-687b139802d1/element/00000000-0000-015a-ffff-ffff00000053/click] with body: {"element":"00000000-0000-015a-ffff-ffff00000053"}
&amp#27;[38;5;32m[AndroidUiautomator2Driver@c0dc (46cdd52c)]&amp#27;[0m Got response with status 200: {"sessionId":"b5aba028-50d4-4b2f-9284-687b139802d1","value":null}
&amp#27;[38;5;32m[AndroidUiautomator2Driver@c0dc (46cdd52c)]&amp#27;[0m Responding to client with driver.click() result: null
&amp#27;[38;5;0m[HTTP]&amp#27;[0m &amp#27;[37m<-- POST /session/46cdd52c-fc57-42a0-b1b0-027569315e8b/element/00000000-0000-015a-ffff-ffff00000053/click &amp#27;[39m&amp#27;[32m200&amp#27;[39m &amp#27;[90m532 ms - 14&amp#27;[39m
&amp#27;[38;5;0m[HTTP]&amp#27;[0m &amp#27;[90m&amp#27;[39m
&amp#27;[38;5;0m[HTTP]&amp#27;[0m &amp#27;[37m-->&amp#27;[39m &amp#27;[37mPOST&amp#27;[39m &amp#27;[37m/session/46cdd52c-fc57-42a0-b1b0-027569315e8b/elements&amp#27;[39m
&amp#27;[38;5;0m[HTTP]&amp#27;[0m &amp#27;[90m{"using":"xpath","value":"//android.widget.TextView[@text='ADD TO CART']"}&amp#27;[39m
&amp#27;[38;5;32m[AndroidUiautomator2Driver@c0dc (46cdd52c)]&amp#27;[0m Calling AppiumDriver.findElements() with args: ["xpath","//android.widget.TextView[@text='ADD TO CART']","46cdd52c-fc57-42a0-b1b0-027569315e8b"]
&amp#27;[38;5;32m[AndroidUiautomator2Driver@c0dc (46cdd52c)]&amp#27;[0m Valid locator strategies for this request: xpath, id, class name, accessibility id, css selector, -android uiautomator
&amp#27;[38;5;32m[AndroidUiautomator2Driver@c0dc (46cdd52c)]&amp#27;[0m Waiting up to 10000 ms for condition
&amp#27;[38;5;32m[AndroidUiautomator2Driver@c0dc (46cdd52c)]&amp#27;[0m Matched '/elements' to command name 'findElements'
&amp#27;[38;5;32m[AndroidUiautomator2Driver@c0dc (46cdd52c)]&amp#27;[0m Proxying [POST /elements] to [POST http://127.0.0.1:8200/session/b5aba028-50d4-4b2f-9284-687b139802d1/elements] with body: {"strategy":"xpath","selector":"//android.widget.TextView[@text='ADD TO CART']","context":"","multiple":true}
&amp#27;[38;5;32m[AndroidUiautomator2Driver@c0dc (46cdd52c)]&amp#27;[0m Got response with status 200: {"sessionId":"b5aba028-50d4-4b2f-9284-687b139802d1","value":[{"ELEMENT":"00000000-0000-015a-ffff-ffff0000005b","element-6066-11e4-a52e-4f735466cecf":"00000000-0000-015a-ffff-ffff0000005b"}]}
&amp#27;[38;5;32m[AndroidUiautomator2Driver@c0dc (46cdd52c)]&amp#27;[0m Responding to client with driver.findElements() result: [{"element-6066-11e4-a52e-4f735466cecf":"00000000-0000-015a-ffff-ffff0000005b","ELEMENT":"00000000-0000-015a-ffff-ffff0000005b"}]
&amp#27;[38;5;0m[HTTP]&amp#27;[0m &amp#27;[37m<-- POST /session/46cdd52c-fc57-42a0-b1b0-027569315e8b/elements &amp#27;[39m&amp#27;[32m200&amp#27;[39m &amp#27;[90m40 ms - 139&amp#27;[39m
&amp#27;[38;5;0m[HTTP]&amp#27;[0m &amp#27;[90m&amp#27;[39m
&amp#27;[38;5;0m[HTTP]&amp#27;[0m &amp#27;[37m-->&amp#27;[39m &amp#27;[37mPOST&amp#27;[39m &amp#27;[37m/session/46cdd52c-fc57-42a0-b1b0-027569315e8b/element/00000000-0000-015a-ffff-ffff0000005b/click&amp#27;[39m
&amp#27;[38;5;0m[HTTP]&amp#27;[0m &amp#27;[90m{"id":"00000000-0000-015a-ffff-ffff0000005b"}&amp#27;[39m
&amp#27;[38;5;32m[AndroidUiautomator2Driver@c0dc (46cdd52c)]&amp#27;[0m Calling AppiumDriver.click() with args: ["00000000-0000-015a-ffff-ffff0000005b","46cdd52c-fc57-42a0-b1b0-027569315e8b"]
&amp#27;[38;5;32m[AndroidUiautomator2Driver@c0dc (46cdd52c)]&amp#27;[0m Matched '/element/00000000-0000-015a-ffff-ffff0000005b/click' to command name 'click'
&amp#27;[38;5;32m[AndroidUiautomator2Driver@c0dc (46cdd52c)]&amp#27;[0m Proxying [POST /element/00000000-0000-015a-ffff-ffff0000005b/click] to [POST http://127.0.0.1:8200/session/b5aba028-50d4-4b2f-9284-687b139802d1/element/00000000-0000-015a-ffff-ffff0000005b/click] with body: {"element":"00000000-0000-015a-ffff-ffff0000005b"}
&amp#27;[38;5;32m[AndroidUiautomator2Driver@c0dc (46cdd52c)]&amp#27;[0m Got response with status 200: {"sessionId":"b5aba028-50d4-4b2f-9284-687b139802d1","value":null}
&amp#27;[38;5;32m[AndroidUiautomator2Driver@c0dc (46cdd52c)]&amp#27;[0m Responding to client with driver.click() result: null
&amp#27;[38;5;0m[HTTP]&amp#27;[0m &amp#27;[37m<-- POST /session/46cdd52c-fc57-42a0-b1b0-027569315e8b/element/00000000-0000-015a-ffff-ffff0000005b/click &amp#27;[39m&amp#27;[32m200&amp#27;[39m &amp#27;[90m46 ms - 14&amp#27;[39m
&amp#27;[38;5;0m[HTTP]&amp#27;[0m &amp#27;[90m&amp#27;[39m
&amp#27;[38;5;0m[HTTP]&amp#27;[0m &amp#27;[37m-->&amp#27;[39m &amp#27;[37mPOST&amp#27;[39m &amp#27;[37m/session/46cdd52c-fc57-42a0-b1b0-027569315e8b/element&amp#27;[39m
&amp#27;[38;5;0m[HTTP]&amp#27;[0m &amp#27;[90m{"using":"id","value":"com.androidsample.generalstore:id/appbar_btn_cart"}&amp#27;[39m
&amp#27;[38;5;32m[AndroidUiautomator2Driver@c0dc (46cdd52c)]&amp#27;[0m Calling AppiumDriver.findElement() with args: ["id","com.androidsample.generalstore:id/appbar_btn_cart","46cdd52c-fc57-42a0-b1b0-027569315e8b"]
&amp#27;[38;5;32m[AndroidUiautomator2Driver@c0dc (46cdd52c)]&amp#27;[0m Valid locator strategies for this request: xpath, id, class name, accessibility id, css selector, -android uiautomator
&amp#27;[38;5;32m[AndroidUiautomator2Driver@c0dc (46cdd52c)]&amp#27;[0m Waiting up to 10000 ms for condition
&amp#27;[38;5;32m[AndroidUiautomator2Driver@c0dc (46cdd52c)]&amp#27;[0m Matched '/element' to command name 'findElement'
&amp#27;[38;5;32m[AndroidUiautomator2Driver@c0dc (46cdd52c)]&amp#27;[0m Proxying [POST /element] to [POST http://127.0.0.1:8200/session/b5aba028-50d4-4b2f-9284-687b139802d1/element] with body: {"strategy":"id","selector":"com.androidsample.generalstore:id/appbar_btn_cart","context":"","multiple":false}
&amp#27;[38;5;32m[AndroidUiautomator2Driver@c0dc (46cdd52c)]&amp#27;[0m Got response with status 200: {"sessionId":"b5aba028-50d4-4b2f-9284-687b139802d1","value":{"ELEMENT":"00000000-0000-015a-ffff-ffff00000046","element-6066-11e4-a52e-4f735466cecf":"00000000-0000-015a-ffff-ffff00000046"}}
&amp#27;[38;5;32m[AndroidUiautomator2Driver@c0dc (46cdd52c)]&amp#27;[0m Responding to client with driver.findElement() result: {"element-6066-11e4-a52e-4f735466cecf":"00000000-0000-015a-ffff-ffff00000046","ELEMENT":"00000000-0000-015a-ffff-ffff00000046"}
&amp#27;[38;5;0m[HTTP]&amp#27;[0m &amp#27;[37m<-- POST /session/46cdd52c-fc57-42a0-b1b0-027569315e8b/element &amp#27;[39m&amp#27;[32m200&amp#27;[39m &amp#27;[90m493 ms - 137&amp#27;[39m
&amp#27;[38;5;0m[HTTP]&amp#27;[0m &amp#27;[90m&amp#27;[39m
&amp#27;[38;5;0m[HTTP]&amp#27;[0m &amp#27;[37m-->&amp#27;[39m &amp#27;[37mPOST&amp#27;[39m &amp#27;[37m/session/46cdd52c-fc57-42a0-b1b0-027569315e8b/element/00000000-0000-015a-ffff-ffff00000046/click&amp#27;[39m
&amp#27;[38;5;0m[HTTP]&amp#27;[0m &amp#27;[90m{"id":"00000000-0000-015a-ffff-ffff00000046"}&amp#27;[39m
&amp#27;[38;5;32m[AndroidUiautomator2Driver@c0dc (46cdd52c)]&amp#27;[0m Calling AppiumDriver.click() with args: ["00000000-0000-015a-ffff-ffff00000046","46cdd52c-fc57-42a0-b1b0-027569315e8b"]
&amp#27;[38;5;32m[AndroidUiautomator2Driver@c0dc (46cdd52c)]&amp#27;[0m Matched '/element/00000000-0000-015a-ffff-ffff00000046/click' to command name 'click'
&amp#27;[38;5;32m[AndroidUiautomator2Driver@c0dc (46cdd52c)]&amp#27;[0m Proxying [POST /element/00000000-0000-015a-ffff-ffff00000046/click] to [POST http://127.0.0.1:8200/session/b5aba028-50d4-4b2f-9284-687b139802d1/element/00000000-0000-015a-ffff-ffff00000046/click] with body: {"element":"00000000-0000-015a-ffff-ffff00000046"}
&amp#27;[38;5;32m[AndroidUiautomator2Driver@c0dc (46cdd52c)]&amp#27;[0m Got response with status 200: {"sessionId":"b5aba028-50d4-4b2f-9284-687b139802d1","value":null}
&amp#27;[38;5;32m[AndroidUiautomator2Driver@c0dc (46cdd52c)]&amp#27;[0m Responding to client with driver.click() result: null
&amp#27;[38;5;0m[HTTP]&amp#27;[0m &amp#27;[37m<-- POST /session/46cdd52c-fc57-42a0-b1b0-027569315e8b/element/00000000-0000-015a-ffff-ffff00000046/click &amp#27;[39m&amp#27;[32m200&amp#27;[39m &amp#27;[90m693 ms - 14&amp#27;[39m
&amp#27;[38;5;0m[HTTP]&amp#27;[0m &amp#27;[90m&amp#27;[39m
&amp#27;[38;5;0m[HTTP]&amp#27;[0m &amp#27;[37m-->&amp#27;[39m &amp#27;[37mPOST&amp#27;[39m &amp#27;[37m/session/46cdd52c-fc57-42a0-b1b0-027569315e8b/elements&amp#27;[39m
&amp#27;[38;5;0m[HTTP]&amp#27;[0m &amp#27;[90m{"using":"id","value":"com.androidsample.generalstore:id/productPrice"}&amp#27;[39m
&amp#27;[38;5;32m[AndroidUiautomator2Driver@c0dc (46cdd52c)]&amp#27;[0m Calling AppiumDriver.findElements() with args: ["id","com.androidsample.generalstore:id/productPrice","46cdd52c-fc57-42a0-b1b0-027569315e8b"]
&amp#27;[38;5;32m[AndroidUiautomator2Driver@c0dc (46cdd52c)]&amp#27;[0m Valid locator strategies for this request: xpath, id, class name, accessibility id, css selector, -android uiautomator
&amp#27;[38;5;32m[AndroidUiautomator2Driver@c0dc (46cdd52c)]&amp#27;[0m Waiting up to 10000 ms for condition
&amp#27;[38;5;32m[AndroidUiautomator2Driver@c0dc (46cdd52c)]&amp#27;[0m Matched '/elements' to command name 'findElements'
&amp#27;[38;5;32m[AndroidUiautomator2Driver@c0dc (46cdd52c)]&amp#27;[0m Proxying [POST /elements] to [POST http://127.0.0.1:8200/session/b5aba028-50d4-4b2f-9284-687b139802d1/elements] with body: {"strategy":"id","selector":"com.androidsample.generalstore:id/productPrice","context":"","multiple":true}
&amp#27;[38;5;32m[AndroidUiautomator2Driver@c0dc (46cdd52c)]&amp#27;[0m Got response with status 200: {"sessionId":"b5aba028-50d4-4b2f-9284-687b139802d1","value":[{"ELEMENT":"00000000-0000-015b-ffff-ffff00000088","element-6066-11e4-a52e-4f735466cecf":"00000000-0000-015b-ffff-ffff00000088"},{"ELEMENT":"00000000-0000-015b-ffff-ffff00000090","element-6066-11e4-a52e-4f735466cecf":"00000000-0000-015b-ffff-ffff00000090"}]}
&amp#27;[38;5;32m[AndroidUiautomator2Driver@c0dc (46cdd52c)]&amp#27;[0m Responding to client with driver.findElements() result: [{"element-6066-11e4-a52e-4f735466cecf":"00000000-0000-015b-ffff-ffff00000088","ELEMENT":"00000000-0000-015b-ffff-ffff00000088"},{"element-6066-11e4-a52e-4f735466cecf":"00000000-0000-015b-ffff-ffff00000090","ELEMENT":"00000000-0000-015b-ffff-ffff00000090"}]
&amp#27;[38;5;0m[HTTP]&amp#27;[0m &amp#27;[37m<-- POST /session/46cdd52c-fc57-42a0-b1b0-027569315e8b/elements &amp#27;[39m&amp#27;[32m200&amp#27;[39m &amp#27;[90m18 ms - 267&amp#27;[39m
&amp#27;[38;5;0m[HTTP]&amp#27;[0m &amp#27;[90m&amp#27;[39m
&amp#27;[38;5;0m[HTTP]&amp#27;[0m &amp#27;[37m-->&amp#27;[39m &amp#27;[37mPOST&amp#27;[39m &amp#27;[37m/session/46cdd52c-fc57-42a0-b1b0-027569315e8b/elements&amp#27;[39m
&amp#27;[38;5;0m[HTTP]&amp#27;[0m &amp#27;[90m{"using":"id","value":"com.androidsample.generalstore:id/productPrice"}&amp#27;[39m
&amp#27;[38;5;32m[AndroidUiautomator2Driver@c0dc (46cdd52c)]&amp#27;[0m Calling AppiumDriver.findElements() with args: ["id","com.androidsample.generalstore:id/productPrice","46cdd52c-fc57-42a0-b1b0-027569315e8b"]
&amp#27;[38;5;32m[AndroidUiautomator2Driver@c0dc (46cdd52c)]&amp#27;[0m Valid locator strategies for this request: xpath, id, class name, accessibility id, css selector, -android uiautomator
&amp#27;[38;5;32m[AndroidUiautomator2Driver@c0dc (46cdd52c)]&amp#27;[0m Waiting up to 10000 ms for condition
&amp#27;[38;5;32m[AndroidUiautomator2Driver@c0dc (46cdd52c)]&amp#27;[0m Matched '/elements' to command name 'findElements'
&amp#27;[38;5;32m[AndroidUiautomator2Driver@c0dc (46cdd52c)]&amp#27;[0m Proxying [POST /elements] to [POST http://127.0.0.1:8200/session/b5aba028-50d4-4b2f-9284-687b139802d1/elements] with body: {"strategy":"id","selector":"com.androidsample.generalstore:id/productPrice","context":"","multiple":true}
&amp#27;[38;5;32m[AndroidUiautomator2Driver@c0dc (46cdd52c)]&amp#27;[0m Got response with status 200: {"sessionId":"b5aba028-50d4-4b2f-9284-687b139802d1","value":[{"ELEMENT":"00000000-0000-015b-ffff-ffff00000088","element-6066-11e4-a52e-4f735466cecf":"00000000-0000-015b-ffff-ffff00000088"},{"ELEMENT":"00000000-0000-015b-ffff-ffff00000090","element-6066-11e4-a52e-4f735466cecf":"00000000-0000-015b-ffff-ffff00000090"}]}
&amp#27;[38;5;32m[AndroidUiautomator2Driver@c0dc (46cdd52c)]&amp#27;[0m Responding to client with driver.findElements() result: [{"element-6066-11e4-a52e-4f735466cecf":"00000000-0000-015b-ffff-ffff00000088","ELEMENT":"00000000-0000-015b-ffff-ffff00000088"},{"element-6066-11e4-a52e-4f735466cecf":"00000000-0000-015b-ffff-ffff00000090","ELEMENT":"00000000-0000-015b-ffff-ffff00000090"}]
&amp#27;[38;5;0m[HTTP]&amp#27;[0m &amp#27;[37m<-- POST /session/46cdd52c-fc57-42a0-b1b0-027569315e8b/elements &amp#27;[39m&amp#27;[32m200&amp#27;[39m &amp#27;[90m15 ms - 267&amp#27;[39m
&amp#27;[38;5;0m[HTTP]&amp#27;[0m &amp#27;[90m&amp#27;[39m
&amp#27;[38;5;0m[HTTP]&amp#27;[0m &amp#27;[37m-->&amp#27;[39m &amp#27;[37mGET&amp#27;[39m &amp#27;[37m/session/46cdd52c-fc57-42a0-b1b0-027569315e8b/element/00000000-0000-015b-ffff-ffff00000088/text&amp#27;[39m
&amp#27;[38;5;0m[HTTP]&amp#27;[0m &amp#27;[90m{}&amp#27;[39m
&amp#27;[38;5;32m[AndroidUiautomator2Driver@c0dc (46cdd52c)]&amp#27;[0m Driver proxy active, passing request on via HTTP proxy
&amp#27;[38;5;32m[AndroidUiautomator2Driver@c0dc (46cdd52c)]&amp#27;[0m Matched '/session/46cdd52c-fc57-42a0-b1b0-027569315e8b/element/00000000-0000-015b-ffff-ffff00000088/text' to command name 'getText'
&amp#27;[38;5;32m[AndroidUiautomator2Driver@c0dc (46cdd52c)]&amp#27;[0m Proxying [GET /session/46cdd52c-fc57-42a0-b1b0-027569315e8b/element/00000000-0000-015b-ffff-ffff00000088/text] to [GET http://127.0.0.1:8200/session/b5aba028-50d4-4b2f-9284-687b139802d1/element/00000000-0000-015b-ffff-ffff00000088/text] with no body
&amp#27;[38;5;32m[AndroidUiautomator2Driver@c0dc (46cdd52c)]&amp#27;[0m Got response with status 200: {"sessionId":"b5aba028-50d4-4b2f-9284-687b139802d1","value":"$160.97"}
[...]
&amp#27;[38;5;0m[HTTP]&amp#27;[0m &amp#27;[37m<-- POST /session/bce3e8e0-fa6c-4f5c-93e4-7f2dfa274d86/element &amp#27;[39m&amp#27;[32m200&amp#27;[39m &amp#27;[90m27 ms - 137&amp#27;[39m
&amp#27;[38;5;0m[HTTP]&amp#27;[0m &amp#27;[90m&amp#27;[39m
&amp#27;[38;5;0m[HTTP]&amp#27;[0m &amp#27;[37m-->&amp#27;[39m &amp#27;[37mPOST&amp#27;[39m &amp#27;[37m/session/bce3e8e0-fa6c-4f5c-93e4-7f2dfa274d86/element/00000000-0000-016a-ffff-ffff0000003c/click&amp#27;[39m
&amp#27;[38;5;0m[HTTP]&amp#27;[0m &amp#27;[90m{"id":"00000000-0000-016a-ffff-ffff0000003c"}&amp#27;[39m
&amp#27;[38;5;32m[AndroidUiautomator2Driver@05a3 (bce3e8e0)]&amp#27;[0m Calling AppiumDriver.click() with args: ["00000000-0000-016a-ffff-ffff0000003c","bce3e8e0-fa6c-4f5c-93e4-7f2dfa274d86"]
&amp#27;[38;5;32m[AndroidUiautomator2Driver@05a3 (bce3e8e0)]&amp#27;[0m Matched '/element/00000000-0000-016a-ffff-ffff0000003c/click' to command name 'click'
&amp#27;[38;5;32m[AndroidUiautomator2Driver@05a3 (bce3e8e0)]&amp#27;[0m Proxying [POST /element/00000000-0000-016a-ffff-ffff0000003c/click] to [POST http://127.0.0.1:8200/session/0bc6560f-cab4-4590-8c1b-1f7e34888c74/element/00000000-0000-016a-ffff-ffff0000003c/click] with body: {"element":"00000000-0000-016a-ffff-ffff0000003c"}
&amp#27;[38;5;32m[AndroidUiautomator2Driver@05a3 (bce3e8e0)]&amp#27;[0m Got response with status 200: {"sessionId":"0bc6560f-cab4-4590-8c1b-1f7e34888c74","value":null}
&amp#27;[38;5;32m[AndroidUiautomator2Driver@05a3 (bce3e8e0)]&amp#27;[0m Responding to client with driver.click() result: null
&amp#27;[38;5;0m[HTTP]&amp#27;[0m &amp#27;[37m<-- POST /session/bce3e8e0-fa6c-4f5c-93e4-7f2dfa274d86/element/00000000-0000-016a-ffff-ffff0000003c/click &amp#27;[39m&amp#27;[32m200&amp#27;[39m &amp#27;[90m676 ms - 14&amp#27;[39m
&amp#27;[38;5;0m[HTTP]&amp#27;[0m &amp#27;[90m&amp#27;[39m
&amp#27;[38;5;0m[HTTP]&amp#27;[0m &amp#27;[37m-->&amp#27;[39m &amp#27;[37mPOST&amp#27;[39m &amp#27;[37m/session/bce3e8e0-fa6c-4f5c-93e4-7f2dfa274d86/element&amp#27;[39m
&amp#27;[38;5;0m[HTTP]&amp#27;[0m &amp#27;[90m{"using":"id","value":"com.androidsample.generalstore:id/btnLetsShop"}&amp#27;[39m
&amp#27;[38;5;32m[AndroidUiautomator2Driver@05a3 (bce3e8e0)]&amp#27;[0m Calling AppiumDriver.findElement() with args: ["id","com.androidsample.generalstore:id/btnLetsShop","bce3e8e0-fa6c-4f5c-93e4-7f2dfa274d86"]
&amp#27;[38;5;32m[AndroidUiautomator2Driver@05a3 (bce3e8e0)]&amp#27;[0m Valid locator strategies for this request: xpath, id, class name, accessibility id, css selector, -android uiautomator
&amp#27;[38;5;32m[AndroidUiautomator2Driver@05a3 (bce3e8e0)]&amp#27;[0m Waiting up to 10000 ms for condition
&amp#27;[38;5;32m[AndroidUiautomator2Driver@05a3 (bce3e8e0)]&amp#27;[0m Matched '/element' to command name 'findElement'
&amp#27;[38;5;32m[AndroidUiautomator2Driver@05a3 (bce3e8e0)]&amp#27;[0m Proxying [POST /element] to [POST http://127.0.0.1:8200/session/0bc6560f-cab4-4590-8c1b-1f7e34888c74/element] with body: {"strategy":"id","selector":"com.androidsample.generalstore:id/btnLetsShop","context":"","multiple":false}
&amp#27;[38;5;32m[AndroidUiautomator2Driver@05a3 (bce3e8e0)]&amp#27;[0m Got response with status 200: {"sessionId":"0bc6560f-cab4-4590-8c1b-1f7e34888c74","value":{"ELEMENT":"00000000-0000-0167-ffff-ffff00000022","element-6066-11e4-a52e-4f735466cecf":"00000000-0000-0167-ffff-ffff00000022"}}
&amp#27;[38;5;32m[AndroidUiautomator2Driver@05a3 (bce3e8e0)]&amp#27;[0m Responding to client with driver.findElement() result: {"element-6066-11e4-a52e-4f735466cecf":"00000000-0000-0167-ffff-ffff00000022","ELEMENT":"00000000-0000-0167-ffff-ffff00000022"}
&amp#27;[38;5;0m[HTTP]&amp#27;[0m &amp#27;[37m<-- POST /session/bce3e8e0-fa6c-4f5c-93e4-7f2dfa274d86/element &amp#27;[39m&amp#27;[32m200&amp#27;[39m &amp#27;[90m13 ms - 137&amp#27;[39m
&amp#27;[38;5;0m[HTTP]&amp#27;[0m &amp#27;[90m&amp#27;[39m
&amp#27;[38;5;0m[HTTP]&amp#27;[0m &amp#27;[37m-->&amp#27;[39m &amp#27;[37mPOST&amp#27;[39m &amp#27;[37m/session/bce3e8e0-fa6c-4f5c-93e4-7f2dfa274d86/element/00000000-0000-0167-ffff-ffff00000022/click&amp#27;[39m
&amp#27;[38;5;0m[HTTP]&amp#27;[0m &amp#27;[90m{"id":"00000000-0000-0167-ffff-ffff00000022"}&amp#27;[39m
&amp#27;[38;5;32m[AndroidUiautomator2Driver@05a3 (bce3e8e0)]&amp#27;[0m Calling AppiumDriver.click() with args: ["00000000-0000-0167-ffff-ffff00000022","bce3e8e0-fa6c-4f5c-93e4-7f2dfa274d86"]
&amp#27;[38;5;32m[AndroidUiautomator2Driver@05a3 (bce3e8e0)]&amp#27;[0m Matched '/element/00000000-0000-0167-ffff-ffff00000022/click' to command name 'click'
&amp#27;[38;5;32m[AndroidUiautomator2Driver@05a3 (bce3e8e0)]&amp#27;[0m Proxying [POST /element/00000000-0000-0167-ffff-ffff00000022/click] to [POST http://127.0.0.1:8200/session/0bc6560f-cab4-4590-8c1b-1f7e34888c74/element/00000000-0000-0167-ffff-ffff00000022/click] with body: {"element":"00000000-0000-0167-ffff-ffff00000022"}
&amp#27;[38;5;32m[AndroidUiautomator2Driver@05a3 (bce3e8e0)]&amp#27;[0m Got response with status 200: {"sessionId":"0bc6560f-cab4-4590-8c1b-1f7e34888c74","value":null}
&amp#27;[38;5;32m[AndroidUiautomator2Driver@05a3 (bce3e8e0)]&amp#27;[0m Responding to client with driver.click() result: null
&amp#27;[38;5;0m[HTTP]&amp#27;[0m &amp#27;[37m<-- POST /session/bce3e8e0-fa6c-4f5c-93e4-7f2dfa274d86/element/00000000-0000-0167-ffff-ffff00000022/click &amp#27;[39m&amp#27;[32m200&amp#27;[39m &amp#27;[90m49 ms - 14&amp#27;[39m
&amp#27;[38;5;0m[HTTP]&amp#27;[0m &amp#27;[90m&amp#27;[39m
&amp#27;[38;5;0m[HTTP]&amp#27;[0m &amp#27;[37m-->&amp#27;[39m &amp#27;[37mPOST&amp#27;[39m &amp#27;[37m/session/bce3e8e0-fa6c-4f5c-93e4-7f2dfa274d86/elements&amp#27;[39m
&amp#27;[38;5;0m[HTTP]&amp#27;[0m &amp#27;[90m{"using":"xpath","value":"//android.widget.Toast"}&amp#27;[39m
&amp#27;[38;5;32m[AndroidUiautomator2Driver@05a3 (bce3e8e0)]&amp#27;[0m Calling AppiumDriver.findElements() with args: ["xpath","//android.widget.Toast","bce3e8e0-fa6c-4f5c-93e4-7f2dfa274d86"]
&amp#27;[38;5;32m[AndroidUiautomator2Driver@05a3 (bce3e8e0)]&amp#27;[0m Valid locator strategies for this request: xpath, id, class name, accessibility id, css selector, -android uiautomator
&amp#27;[38;5;32m[AndroidUiautomator2Driver@05a3 (bce3e8e0)]&amp#27;[0m Waiting up to 10000 ms for condition
&amp#27;[38;5;32m[AndroidUiautomator2Driver@05a3 (bce3e8e0)]&amp#27;[0m Matched '/elements' to command name 'findElements'
&amp#27;[38;5;32m[AndroidUiautomator2Driver@05a3 (bce3e8e0)]&amp#27;[0m Proxying [POST /elements] to [POST http://127.0.0.1:8200/session/0bc6560f-cab4-4590-8c1b-1f7e34888c74/elements] with body: {"strategy":"xpath","selector":"//android.widget.Toast","context":"","multiple":true}
&amp#27;[38;5;32m[AndroidUiautomator2Driver@05a3 (bce3e8e0)]&amp#27;[0m Got response with status 200: {"sessionId":"0bc6560f-cab4-4590-8c1b-1f7e34888c74","value":[]}
&amp#27;[38;5;32m[AndroidUiautomator2Driver@05a3 (bce3e8e0)]&amp#27;[0m Waited for 181 ms so far
&amp#27;[38;5;32m[AndroidUiautomator2Driver@05a3 (bce3e8e0)]&amp#27;[0m Matched '/elements' to command name 'findElements'
&amp#27;[38;5;32m[AndroidUiautomator2Driver@05a3 (bce3e8e0)]&amp#27;[0m Proxying [POST /elements] to [POST http://127.0.0.1:8200/session/0bc6560f-cab4-4590-8c1b-1f7e34888c74/elements] with body: {"strategy":"xpath","selector":"//android.widget.Toast","context":"","multiple":true}
&amp#27;[38;5;32m[AndroidUiautomator2Driver@05a3 (bce3e8e0)]&amp#27;[0m Got response with status 200: {"sessionId":"0bc6560f-cab4-4590-8c1b-1f7e34888c74","value":[]}
&amp#27;[38;5;32m[AndroidUiautomator2Driver@05a3 (bce3e8e0)]&amp#27;[0m Waited for 717 ms so far
&amp#27;[38;5;32m[AndroidUiautomator2Driver@05a3 (bce3e8e0)]&amp#27;[0m Matched '/elements' to command name 'findElements'
&amp#27;[38;5;32m[AndroidUiautomator2Driver@05a3 (bce3e8e0)]&amp#27;[0m Proxying [POST /elements] to [POST http://127.0.0.1:8200/session/0bc6560f-cab4-4590-8c1b-1f7e34888c74/elements] with body: {"strategy":"xpath","selector":"//android.widget.Toast","context":"","multiple":true}
&amp#27;[38;5;32m[AndroidUiautomator2Driver@05a3 (bce3e8e0)]&amp#27;[0m Got response with status 200: {"sessionId":"0bc6560f-cab4-4590-8c1b-1f7e34888c74","value":[]}
&amp#27;[38;5;32m[AndroidUiautomator2Driver@05a3 (bce3e8e0)]&amp#27;[0m Waited for 1253 ms so far
&amp#27;[38;5;32m[AndroidUiautomator2Driver@05a3 (bce3e8e0)]&amp#27;[0m Matched '/elements' to command name 'findElements'
&amp#27;[38;5;32m[AndroidUiautomator2Driver@05a3 (bce3e8e0)]&amp#27;[0m Proxying [POST /elements] to [POST http://127.0.0.1:8200/session/0bc6560f-cab4-4590-8c1b-1f7e34888c74/elements] with body: {"strategy":"xpath","selector":"//android.widget.Toast","context":"","multiple":true}
&amp#27;[38;5;32m[AndroidUiautomator2Driver@05a3 (bce3e8e0)]&amp#27;[0m Got response with status 200: {"sessionId":"0bc6560f-cab4-4590-8c1b-1f7e34888c74","value":[]}
&amp#27;[38;5;32m[AndroidUiautomator2Driver@05a3 (bce3e8e0)]&amp#27;[0m Waited for 1789 ms so far
&amp#27;[38;5;32m[AndroidUiautomator2Driver@05a3 (bce3e8e0)]&amp#27;[0m Matched '/elements' to command name 'findElements'
&amp#27;[38;5;32m[AndroidUiautomator2Driver@05a3 (bce3e8e0)]&amp#27;[0m Proxying [POST /elements] to [POST http://127.0.0.1:8200/session/0bc6560f-cab4-4590-8c1b-1f7e34888c74/elements] with body: {"strategy":"xpath","selector":"//android.widget.Toast","context":"","multiple":true}
&amp#27;[38;5;32m[AndroidUiautomator2Driver@05a3 (bce3e8e0)]&amp#27;[0m Got response with status 200: {"sessionId":"0bc6560f-cab4-4590-8c1b-1f7e34888c74","value":[]}
&amp#27;[38;5;32m[AndroidUiautomator2Driver@05a3 (bce3e8e0)]&amp#27;[0m Waited for 2321 ms so far
&amp#27;[38;5;32m[AndroidUiautomator2Driver@05a3 (bce3e8e0)]&amp#27;[0m Matched '/elements' to command name 'findElements'
&amp#27;[38;5;32m[AndroidUiautomator2Driver@05a3 (bce3e8e0)]&amp#27;[0m Proxying [POST /elements] to [POST http://127.0.0.1:8200/session/0bc6560f-cab4-4590-8c1b-1f7e34888c74/elements] with body: {"strategy":"xpath","selector":"//android.widget.Toast","context":"","multiple":true}
&amp#27;[38;5;32m[AndroidUiautomator2Driver@05a3 (bce3e8e0)]&amp#27;[0m Got response with status 200: {"sessionId":"0bc6560f-cab4-4590-8c1b-1f7e34888c74","value":[]}
&amp#27;[38;5;32m[AndroidUiautomator2Driver@05a3 (bce3e8e0)]&amp#27;[0m Waited for 2860 ms so far
&amp#27;[38;5;32m[AndroidUiautomator2Driver@05a3 (bce3e8e0)]&amp#27;[0m Matched '/elements' to command name 'findElements'
&amp#27;[38;5;32m[AndroidUiautomator2Driver@05a3 (bce3e8e0)]&amp#27;[0m Proxying [POST /elements] to [POST http://127.0.0.1:8200/session/0bc6560f-cab4-4590-8c1b-1f7e34888c74/elements] with body: {"strategy":"xpath","selector":"//android.widget.Toast","context":"","multiple":true}
&amp#27;[38;5;32m[AndroidUiautomator2Driver@05a3 (bce3e8e0)]&amp#27;[0m Got response with status 200: {"sessionId":"0bc6560f-cab4-4590-8c1b-1f7e34888c74","value":[]}
&amp#27;[38;5;32m[AndroidUiautomator2Driver@05a3 (bce3e8e0)]&amp#27;[0m Waited for 3394 ms so far
&amp#27;[38;5;32m[AndroidUiautomator2Driver@05a3 (bce3e8e0)]&amp#27;[0m Matched '/elements' to command name 'findElements'
&amp#27;[38;5;32m[AndroidUiautomator2Driver@05a3 (bce3e8e0)]&amp#27;[0m Proxying [POST /elements] to [POST http://127.0.0.1:8200/session/0bc6560f-cab4-4590-8c1b-1f7e34888c74/elements] with body: {"strategy":"xpath","selector":"//android.widget.Toast","context":"","multiple":true}
&amp#27;[38;5;32m[AndroidUiautomator2Driver@05a3 (bce3e8e0)]&amp#27;[0m Got response with status 200: {"sessionId":"0bc6560f-cab4-4590-8c1b-1f7e34888c74","value":[]}
&amp#27;[38;5;32m[AndroidUiautomator2Driver@05a3 (bce3e8e0)]&amp#27;[0m Waited for 3927 ms so far
&amp#27;[38;5;32m[AndroidUiautomator2Driver@05a3 (bce3e8e0)]&amp#27;[0m Matched '/elements' to command name 'findElements'
&amp#27;[38;5;32m[AndroidUiautomator2Driver@05a3 (bce3e8e0)]&amp#27;[0m Proxying [POST /elements] to [POST http://127.0.0.1:8200/session/0bc6560f-cab4-4590-8c1b-1f7e34888c74/elements] with body: {"strategy":"xpath","selector":"//android.widget.Toast","context":"","multiple":true}
&amp#27;[38;5;32m[AndroidUiautomator2Driver@05a3 (bce3e8e0)]&amp#27;[0m Got response with status 200: {"sessionId":"0bc6560f-cab4-4590-8c1b-1f7e34888c74","value":[]}
&amp#27;[38;5;32m[AndroidUiautomator2Driver@05a3 (bce3e8e0)]&amp#27;[0m Waited for 4461 ms so far
&amp#27;[38;5;32m[AndroidUiautomator2Driver@05a3 (bce3e8e0)]&amp#27;[0m Matched '/elements' to command name 'findElements'
&amp#27;[38;5;32m[AndroidUiautomator2Driver@05a3 (bce3e8e0)]&amp#27;[0m Proxying [POST /elements] to [POST http://127.0.0.1:8200/session/0bc6560f-cab4-4590-8c1b-1f7e34888c74/elements] with body: {"strategy":"xpath","selector":"//android.widget.Toast","context":"","multiple":true}
&amp#27;[38;5;32m[AndroidUiautomator2Driver@05a3 (bce3e8e0)]&amp#27;[0m Got response with status 200: {"sessionId":"0bc6560f-cab4-4590-8c1b-1f7e34888c74","value":[]}
&amp#27;[38;5;32m[AndroidUiautomator2Driver@05a3 (bce3e8e0)]&amp#27;[0m Waited for 4996 ms so far
&amp#27;[38;5;32m[AndroidUiautomator2Driver@05a3 (bce3e8e0)]&amp#27;[0m Matched '/elements' to command name 'findElements'
&amp#27;[38;5;32m[AndroidUiautomator2Driver@05a3 (bce3e8e0)]&amp#27;[0m Proxying [POST /elements] to [POST http://127.0.0.1:8200/session/0bc6560f-cab4-4590-8c1b-1f7e34888c74/elements] with body: {"strategy":"xpath","selector":"//android.widget.Toast","context":"","multiple":true}
&amp#27;[38;5;32m[AndroidUiautomator2Driver@05a3 (bce3e8e0)]&amp#27;[0m Got response with status 200: {"sessionId":"0bc6560f-cab4-4590-8c1b-1f7e34888c74","value":[]}
&amp#27;[38;5;32m[AndroidUiautomator2Driver@05a3 (bce3e8e0)]&amp#27;[0m Waited for 5536 ms so far
&amp#27;[38;5;32m[AndroidUiautomator2Driver@05a3 (bce3e8e0)]&amp#27;[0m Matched '/elements' to command name 'findElements'
&amp#27;[38;5;32m[AndroidUiautomator2Driver@05a3 (bce3e8e0)]&amp#27;[0m Proxying [POST /elements] to [POST http://127.0.0.1:8200/session/0bc6560f-cab4-4590-8c1b-1f7e34888c74/elements] with body: {"strategy":"xpath","selector":"//android.widget.Toast","context":"","multiple":true}
&amp#27;[38;5;32m[AndroidUiautomator2Driver@05a3 (bce3e8e0)]&amp#27;[0m Got response with status 200: {"sessionId":"0bc6560f-cab4-4590-8c1b-1f7e34888c74","value":[]}
&amp#27;[38;5;32m[AndroidUiautomator2Driver@05a3 (bce3e8e0)]&amp#27;[0m Waited for 6066 ms so far
&amp#27;[38;5;32m[AndroidUiautomator2Driver@05a3 (bce3e8e0)]&amp#27;[0m Matched '/elements' to command name 'findElements'
&amp#27;[38;5;32m[AndroidUiautomator2Driver@05a3 (bce3e8e0)]&amp#27;[0m Proxying [POST /elements] to [POST http://127.0.0.1:8200/session/0bc6560f-cab4-4590-8c1b-1f7e34888c74/elements] with body: {"strategy":"xpath","selector":"//android.widget.Toast","context":"","multiple":true}
&amp#27;[38;5;32m[AndroidUiautomator2Driver@05a3 (bce3e8e0)]&amp#27;[0m Got response with status 200: {"sessionId":"0bc6560f-cab4-4590-8c1b-1f7e34888c74","value":[]}
&amp#27;[38;5;32m[AndroidUiautomator2Driver@05a3 (bce3e8e0)]&amp#27;[0m Waited for 6600 ms so far
&amp#27;[38;5;32m[AndroidUiautomator2Driver@05a3 (bce3e8e0)]&amp#27;[0m Matched '/elements' to command name 'findElements'
&amp#27;[38;5;32m[AndroidUiautomator2Driver@05a3 (bce3e8e0)]&amp#27;[0m Proxying [POST /elements] to [POST http://127.0.0.1:8200/session/0bc6560f-cab4-4590-8c1b-1f7e34888c74/elements] with body: {"strategy":"xpath","selector":"//android.widget.Toast","context":"","multiple":true}
&amp#27;[38;5;32m[AndroidUiautomator2Driver@05a3 (bce3e8e0)]&amp#27;[0m Got response with status 200: {"sessionId":"0bc6560f-cab4-4590-8c1b-1f7e34888c74","value":[]}
&amp#27;[38;5;32m[AndroidUiautomator2Driver@05a3 (bce3e8e0)]&amp#27;[0m Waited for 7131 ms so far
&amp#27;[38;5;32m[AndroidUiautomator2Driver@05a3 (bce3e8e0)]&amp#27;[0m Matched '/elements' to command name 'findElements'
&amp#27;[38;5;32m[AndroidUiautomator2Driver@05a3 (bce3e8e0)]&amp#27;[0m Proxying [POST /elements] to [POST http://127.0.0.1:8200/session/0bc6560f-cab4-4590-8c1b-1f7e34888c74/elements] with body: {"strategy":"xpath","selector":"//android.widget.Toast","context":"","multiple":true}
&amp#27;[38;5;32m[AndroidUiautomator2Driver@05a3 (bce3e8e0)]&amp#27;[0m Got response with status 200: {"sessionId":"0bc6560f-cab4-4590-8c1b-1f7e34888c74","value":[]}
&amp#27;[38;5;32m[AndroidUiautomator2Driver@05a3 (bce3e8e0)]&amp#27;[0m Waited for 7657 ms so far
&amp#27;[38;5;32m[AndroidUiautomator2Driver@05a3 (bce3e8e0)]&amp#27;[0m Matched '/elements' to command name 'findElements'
&amp#27;[38;5;32m[AndroidUiautomator2Driver@05a3 (bce3e8e0)]&amp#27;[0m Proxying [POST /elements] to [POST http://127.0.0.1:8200/session/0bc6560f-cab4-4590-8c1b-1f7e34888c74/elements] with body: {"strategy":"xpath","selector":"//android.widget.Toast","context":"","multiple":true}
&amp#27;[38;5;32m[AndroidUiautomator2Driver@05a3 (bce3e8e0)]&amp#27;[0m Got response with status 200: {"sessionId":"0bc6560f-cab4-4590-8c1b-1f7e34888c74","value":[]}
&amp#27;[38;5;32m[AndroidUiautomator2Driver@05a3 (bce3e8e0)]&amp#27;[0m Waited for 8189 ms so far
&amp#27;[38;5;32m[AndroidUiautomator2Driver@05a3 (bce3e8e0)]&amp#27;[0m Matched '/elements' to command name 'findElements'
&amp#27;[38;5;32m[AndroidUiautomator2Driver@05a3 (bce3e8e0)]&amp#27;[0m Proxying [POST /elements] to [POST http://127.0.0.1:8200/session/0bc6560f-cab4-4590-8c1b-1f7e34888c74/elements] with body: {"strategy":"xpath","selector":"//android.widget.Toast","context":"","multiple":true}
&amp#27;[38;5;32m[AndroidUiautomator2Driver@05a3 (bce3e8e0)]&amp#27;[0m Got response with status 200: {"sessionId":"0bc6560f-cab4-4590-8c1b-1f7e34888c74","value":[]}
&amp#27;[38;5;32m[AndroidUiautomator2Driver@05a3 (bce3e8e0)]&amp#27;[0m Waited for 8724 ms so far
&amp#27;[38;5;32m[AndroidUiautomator2Driver@05a3 (bce3e8e0)]&amp#27;[0m Matched '/elements' to command name 'findElements'
&amp#27;[38;5;32m[AndroidUiautomator2Driver@05a3 (bce3e8e0)]&amp#27;[0m Proxying [POST /elements] to [POST http://127.0.0.1:8200/session/0bc6560f-cab4-4590-8c1b-1f7e34888c74/elements] with body: {"strategy":"xpath","selector":"//android.widget.Toast","context":"","multiple":true}
&amp#27;[38;5;32m[AndroidUiautomator2Driver@05a3 (bce3e8e0)]&amp#27;[0m Got response with status 200: {"sessionId":"0bc6560f-cab4-4590-8c1b-1f7e34888c74","value":[]}
&amp#27;[38;5;32m[AndroidUiautomator2Driver@05a3 (bce3e8e0)]&amp#27;[0m Waited for 9251 ms so far
&amp#27;[38;5;32m[AndroidUiautomator2Driver@05a3 (bce3e8e0)]&amp#27;[0m Matched '/elements' to command name 'findElements'
&amp#27;[38;5;32m[AndroidUiautomator2Driver@05a3 (bce3e8e0)]&amp#27;[0m Proxying [POST /elements] to [POST http://127.0.0.1:8200/session/0bc6560f-cab4-4590-8c1b-1f7e34888c74/elements] with body: {"strategy":"xpath","selector":"//android.widget.Toast","context":"","multiple":true}
&amp#27;[38;5;32m[AndroidUiautomator2Driver@05a3 (bce3e8e0)]&amp#27;[0m Got response with status 200: {"sessionId":"0bc6560f-cab4-4590-8c1b-1f7e34888c74","value":[]}
&amp#27;[38;5;32m[AndroidUiautomator2Driver@05a3 (bce3e8e0)]&amp#27;[0m Waited for 9789 ms so far
&amp#27;[38;5;32m[AndroidUiautomator2Driver@05a3 (bce3e8e0)]&amp#27;[0m Matched '/elements' to command name 'findElements'
&amp#27;[38;5;32m[AndroidUiautomator2Driver@05a3 (bce3e8e0)]&amp#27;[0m Proxying [POST /elements] to [POST http://127.0.0.1:8200/session/0bc6560f-cab4-4590-8c1b-1f7e34888c74/elements] with body: {"strategy":"xpath","selector":"//android.widget.Toast","context":"","multiple":true}
&amp#27;[38;5;32m[AndroidUiautomator2Driver@05a3 (bce3e8e0)]&amp#27;[0m Got response with status 200: {"sessionId":"0bc6560f-cab4-4590-8c1b-1f7e34888c74","value":[]}
&amp#27;[38;5;32m[AndroidUiautomator2Driver@05a3 (bce3e8e0)]&amp#27;[0m Responding to client with driver.findElements() result: []
&amp#27;[38;5;0m[HTTP]&amp#27;[0m &amp#27;[37m<-- POST /session/bce3e8e0-fa6c-4f5c-93e4-7f2dfa274d86/elements &amp#27;[39m&amp#27;[32m200&amp#27;[39m &amp#27;[90m10041 ms - 12&amp#27;[39m
&amp#27;[38;5;0m[HTTP]&amp#27;[0m &amp#27;[90m&amp#27;[39m
]]></system-out>
  </testcase>
</testsuite>