<?xml version="1.0" encoding="UTF-8"?>
<testng-results ignored="0" total="3" passed="3" failed="0" skipped="0">
  <reporter-output>
  </reporter-output>
  <suite started-at="2024-01-25T11:06:07 CST" name="Suite" finished-at="2024-01-25T11:07:11 CST" duration-ms="63850">
    <groups>
      <group name="Smoke">
        <method signature="eCommerce_TC_4_Hybrid.FillForm(java.util.HashMap)[pri:0, instance:org.coeqacourse.eCommerce_TC_4_Hybrid@24111ef1]" name="FillForm" class="org.coeqacourse.eCommerce_TC_4_Hybrid"/>
      </group> <!-- Smoke -->
    </groups>
    <test started-at="2024-01-25T11:06:07 CST" name="End to end Framework Test" finished-at="2024-01-25T11:06:34 CST" duration-ms="26652">
      <class name="org.coeqacourse.eCommerce_TC_4_Hybrid">
        <test-method is-config="true" signature="ConfigureAppium()[pri:0, instance:org.coeqacourse.eCommerce_TC_4_Hybrid@24111ef1]" started-at="2024-01-25T11:06:08 CST" name="ConfigureAppium" finished-at="2024-01-25T11:06:15 CST" duration-ms="7965" status="PASS">
          <reporter-output>
          </reporter-output>
        </test-method> <!-- ConfigureAppium -->
        <test-method is-config="true" signature="preSetup()[pri:0, instance:org.coeqacourse.eCommerce_TC_4_Hybrid@24111ef1]" started-at="2024-01-25T11:06:16 CST" name="preSetup" finished-at="2024-01-25T11:06:16 CST" duration-ms="54" status="PASS">
          <reporter-output>
          </reporter-output>
        </test-method> <!-- preSetup -->
        <test-method signature="FillForm(java.util.HashMap)[pri:0, instance:org.coeqacourse.eCommerce_TC_4_Hybrid@24111ef1]" started-at="2024-01-25T11:06:16 CST" name="FillForm" data-provider="getData" finished-at="2024-01-25T11:06:34 CST" duration-ms="18159" status="PASS">
          <params>
            <param index="0">
              <value>
                <![CDATA[{name=My Name, country=Australia, gender=Female}]]>
              </value>
            </param>
          </params>
          <reporter-output>
          </reporter-output>
        </test-method> <!-- FillForm -->
        <test-method is-config="true" signature="tearDown()[pri:0, instance:org.coeqacourse.eCommerce_TC_4_Hybrid@24111ef1]" started-at="2024-01-25T11:06:34 CST" name="tearDown" finished-at="2024-01-25T11:06:34 CST" duration-ms="304" status="PASS">
          <reporter-output>
          </reporter-output>
        </test-method> <!-- tearDown -->
      </class> <!-- org.coeqacourse.eCommerce_TC_4_Hybrid -->
    </test> <!-- End to end Framework Test -->
    <test started-at="2024-01-25T11:06:34 CST" name="Error Validations Test" finished-at="2024-01-25T11:07:11 CST" duration-ms="36940">
      <class name="org.coeqacourse.eCommerce_TC_01">
        <test-method is-config="true" signature="ConfigureAppium()[pri:0, instance:org.coeqacourse.eCommerce_TC_01@31bcf236]" started-at="2024-01-25T11:06:34 CST" name="ConfigureAppium" finished-at="2024-01-25T11:06:42 CST" duration-ms="7170" status="PASS">
          <reporter-output>
          </reporter-output>
        </test-method> <!-- ConfigureAppium -->
        <test-method is-config="true" signature="preSetup()[pri:0, instance:org.coeqacourse.eCommerce_TC_01@31bcf236]" started-at="2024-01-25T11:06:42 CST" name="preSetup" finished-at="2024-01-25T11:06:42 CST" duration-ms="59" status="PASS">
          <reporter-output>
          </reporter-output>
        </test-method> <!-- preSetup -->
        <test-method signature="FillForm_ErrorValidation()[pri:0, instance:org.coeqacourse.eCommerce_TC_01@31bcf236]" started-at="2024-01-25T11:06:42 CST" name="FillForm_ErrorValidation" finished-at="2024-01-25T11:06:57 CST" duration-ms="15459" status="PASS">
          <reporter-output>
          </reporter-output>
        </test-method> <!-- FillForm_ErrorValidation -->
        <test-method is-config="true" signature="preSetup()[pri:0, instance:org.coeqacourse.eCommerce_TC_01@31bcf236]" started-at="2024-01-25T11:06:57 CST" name="preSetup" finished-at="2024-01-25T11:06:57 CST" duration-ms="46" status="PASS">
          <reporter-output>
          </reporter-output>
        </test-method> <!-- preSetup -->
        <test-method signature="FillForm_PositiveFlow()[pri:0, instance:org.coeqacourse.eCommerce_TC_01@31bcf236]" started-at="2024-01-25T11:06:57 CST" name="FillForm_PositiveFlow" finished-at="2024-01-25T11:07:11 CST" duration-ms="13837" status="PASS">
          <reporter-output>
          </reporter-output>
        </test-method> <!-- FillForm_PositiveFlow -->
        <test-method is-config="true" signature="tearDown()[pri:0, instance:org.coeqacourse.eCommerce_TC_01@31bcf236]" started-at="2024-01-25T11:07:11 CST" name="tearDown" finished-at="2024-01-25T11:07:11 CST" duration-ms="364" status="PASS">
          <reporter-output>
          </reporter-output>
        </test-method> <!-- tearDown -->
      </class> <!-- org.coeqacourse.eCommerce_TC_01 -->
    </test> <!-- Error Validations Test -->
  </suite> <!-- Suite -->
</testng-results>
